[2025-11-26T00:54:23.253+0000] {processor.py:161} INFO - Started process (PID=59) to work on /opt/airflow/dags/etl.py
[2025-11-26T00:54:23.258+0000] {processor.py:830} INFO - Processing file /opt/airflow/dags/etl.py for tasks to queue
[2025-11-26T00:54:23.265+0000] {logging_mixin.py:188} INFO - [2025-11-26T00:54:23.263+0000] {dagbag.py:540} INFO - Filling up the DagBag from /opt/airflow/dags/etl.py
[2025-11-26T00:54:24.256+0000] {processor.py:840} INFO - DAG(s) 'etl_adworks_simplificado' retrieved from /opt/airflow/dags/etl.py
[2025-11-26T00:54:24.343+0000] {logging_mixin.py:188} INFO - [2025-11-26T00:54:24.341+0000] {dag.py:3096} INFO - Sync 1 DAGs
[2025-11-26T00:54:24.387+0000] {logging_mixin.py:188} INFO - [2025-11-26T00:54:24.386+0000] {dag.py:3954} INFO - Setting next_dagrun for etl_adworks_simplificado to None, run_after=None
[2025-11-26T00:54:24.576+0000] {processor.py:183} INFO - Processing /opt/airflow/dags/etl.py took 1.348 seconds
[2025-11-26T00:54:58.671+0000] {processor.py:161} INFO - Started process (PID=70) to work on /opt/airflow/dags/etl.py
[2025-11-26T00:54:58.676+0000] {processor.py:830} INFO - Processing file /opt/airflow/dags/etl.py for tasks to queue
[2025-11-26T00:54:58.683+0000] {logging_mixin.py:188} INFO - [2025-11-26T00:54:58.682+0000] {dagbag.py:540} INFO - Filling up the DagBag from /opt/airflow/dags/etl.py
[2025-11-26T00:54:59.723+0000] {processor.py:840} INFO - DAG(s) 'etl_adworks_simplificado' retrieved from /opt/airflow/dags/etl.py
[2025-11-26T00:55:00.426+0000] {logging_mixin.py:188} INFO - [2025-11-26T00:55:00.425+0000] {dag.py:3096} INFO - Sync 1 DAGs
[2025-11-26T00:55:00.459+0000] {logging_mixin.py:188} INFO - [2025-11-26T00:55:00.459+0000] {dag.py:3954} INFO - Setting next_dagrun for etl_adworks_simplificado to None, run_after=None
[2025-11-26T00:55:00.514+0000] {processor.py:183} INFO - Processing /opt/airflow/dags/etl.py took 1.865 seconds
[2025-11-26T00:55:31.521+0000] {processor.py:161} INFO - Started process (PID=81) to work on /opt/airflow/dags/etl.py
[2025-11-26T00:55:31.525+0000] {processor.py:830} INFO - Processing file /opt/airflow/dags/etl.py for tasks to queue
[2025-11-26T00:55:31.533+0000] {logging_mixin.py:188} INFO - [2025-11-26T00:55:31.532+0000] {dagbag.py:540} INFO - Filling up the DagBag from /opt/airflow/dags/etl.py
[2025-11-26T00:55:32.740+0000] {processor.py:840} INFO - DAG(s) 'etl_adworks_simplificado' retrieved from /opt/airflow/dags/etl.py
[2025-11-26T00:55:32.831+0000] {logging_mixin.py:188} INFO - [2025-11-26T00:55:32.824+0000] {dag.py:3096} INFO - Sync 1 DAGs
[2025-11-26T00:55:33.287+0000] {logging_mixin.py:188} INFO - [2025-11-26T00:55:33.286+0000] {dag.py:3954} INFO - Setting next_dagrun for etl_adworks_simplificado to None, run_after=None
[2025-11-26T00:55:33.351+0000] {processor.py:183} INFO - Processing /opt/airflow/dags/etl.py took 1.856 seconds
[2025-11-26T00:56:03.626+0000] {processor.py:161} INFO - Started process (PID=92) to work on /opt/airflow/dags/etl.py
[2025-11-26T00:56:03.630+0000] {processor.py:830} INFO - Processing file /opt/airflow/dags/etl.py for tasks to queue
[2025-11-26T00:56:03.636+0000] {logging_mixin.py:188} INFO - [2025-11-26T00:56:03.635+0000] {dagbag.py:540} INFO - Filling up the DagBag from /opt/airflow/dags/etl.py
[2025-11-26T00:56:04.750+0000] {processor.py:840} INFO - DAG(s) 'etl_adworks_simplificado' retrieved from /opt/airflow/dags/etl.py
[2025-11-26T00:56:05.141+0000] {logging_mixin.py:188} INFO - [2025-11-26T00:56:05.140+0000] {dag.py:3096} INFO - Sync 1 DAGs
[2025-11-26T00:56:05.179+0000] {logging_mixin.py:188} INFO - [2025-11-26T00:56:05.179+0000] {dag.py:3954} INFO - Setting next_dagrun for etl_adworks_simplificado to None, run_after=None
[2025-11-26T00:56:05.239+0000] {processor.py:183} INFO - Processing /opt/airflow/dags/etl.py took 1.634 seconds
[2025-11-26T00:56:35.591+0000] {processor.py:161} INFO - Started process (PID=103) to work on /opt/airflow/dags/etl.py
[2025-11-26T00:56:35.595+0000] {processor.py:830} INFO - Processing file /opt/airflow/dags/etl.py for tasks to queue
[2025-11-26T00:56:35.601+0000] {logging_mixin.py:188} INFO - [2025-11-26T00:56:35.600+0000] {dagbag.py:540} INFO - Filling up the DagBag from /opt/airflow/dags/etl.py
[2025-11-26T00:56:37.039+0000] {processor.py:840} INFO - DAG(s) 'etl_adworks_simplificado' retrieved from /opt/airflow/dags/etl.py
[2025-11-26T00:56:37.100+0000] {logging_mixin.py:188} INFO - [2025-11-26T00:56:37.099+0000] {dag.py:3096} INFO - Sync 1 DAGs
[2025-11-26T00:56:37.126+0000] {logging_mixin.py:188} INFO - [2025-11-26T00:56:37.125+0000] {dag.py:3954} INFO - Setting next_dagrun for etl_adworks_simplificado to None, run_after=None
[2025-11-26T00:56:37.179+0000] {processor.py:183} INFO - Processing /opt/airflow/dags/etl.py took 1.610 seconds
[2025-11-26T00:57:07.582+0000] {processor.py:161} INFO - Started process (PID=132) to work on /opt/airflow/dags/etl.py
[2025-11-26T00:57:07.586+0000] {processor.py:830} INFO - Processing file /opt/airflow/dags/etl.py for tasks to queue
[2025-11-26T00:57:07.594+0000] {logging_mixin.py:188} INFO - [2025-11-26T00:57:07.593+0000] {dagbag.py:540} INFO - Filling up the DagBag from /opt/airflow/dags/etl.py
[2025-11-26T00:57:09.268+0000] {processor.py:840} INFO - DAG(s) 'etl_adworks_simplificado' retrieved from /opt/airflow/dags/etl.py
[2025-11-26T00:57:09.385+0000] {logging_mixin.py:188} INFO - [2025-11-26T00:57:09.383+0000] {dag.py:3096} INFO - Sync 1 DAGs
[2025-11-26T00:57:09.436+0000] {logging_mixin.py:188} INFO - [2025-11-26T00:57:09.435+0000] {dag.py:3954} INFO - Setting next_dagrun for etl_adworks_simplificado to None, run_after=None
[2025-11-26T00:57:09.551+0000] {processor.py:183} INFO - Processing /opt/airflow/dags/etl.py took 1.993 seconds
[2025-11-26T00:57:39.894+0000] {processor.py:161} INFO - Started process (PID=142) to work on /opt/airflow/dags/etl.py
[2025-11-26T00:57:39.899+0000] {processor.py:830} INFO - Processing file /opt/airflow/dags/etl.py for tasks to queue
[2025-11-26T00:57:39.912+0000] {logging_mixin.py:188} INFO - [2025-11-26T00:57:39.910+0000] {dagbag.py:540} INFO - Filling up the DagBag from /opt/airflow/dags/etl.py
[2025-11-26T00:57:41.507+0000] {processor.py:840} INFO - DAG(s) 'etl_adworks_simplificado' retrieved from /opt/airflow/dags/etl.py
[2025-11-26T00:57:41.573+0000] {logging_mixin.py:188} INFO - [2025-11-26T00:57:41.572+0000] {dag.py:3096} INFO - Sync 1 DAGs
[2025-11-26T00:57:41.607+0000] {logging_mixin.py:188} INFO - [2025-11-26T00:57:41.607+0000] {dag.py:3954} INFO - Setting next_dagrun for etl_adworks_simplificado to None, run_after=None
[2025-11-26T00:57:41.670+0000] {processor.py:183} INFO - Processing /opt/airflow/dags/etl.py took 1.805 seconds
[2025-11-26T00:58:12.578+0000] {processor.py:161} INFO - Started process (PID=154) to work on /opt/airflow/dags/etl.py
[2025-11-26T00:58:12.583+0000] {processor.py:830} INFO - Processing file /opt/airflow/dags/etl.py for tasks to queue
[2025-11-26T00:58:12.593+0000] {logging_mixin.py:188} INFO - [2025-11-26T00:58:12.591+0000] {dagbag.py:540} INFO - Filling up the DagBag from /opt/airflow/dags/etl.py
[2025-11-26T00:58:14.347+0000] {processor.py:840} INFO - DAG(s) 'etl_adworks_simplificado' retrieved from /opt/airflow/dags/etl.py
[2025-11-26T00:58:14.417+0000] {logging_mixin.py:188} INFO - [2025-11-26T00:58:14.415+0000] {dag.py:3096} INFO - Sync 1 DAGs
[2025-11-26T00:58:14.448+0000] {logging_mixin.py:188} INFO - [2025-11-26T00:58:14.447+0000] {dag.py:3954} INFO - Setting next_dagrun for etl_adworks_simplificado to None, run_after=None
[2025-11-26T00:58:14.501+0000] {processor.py:183} INFO - Processing /opt/airflow/dags/etl.py took 1.956 seconds
[2025-11-26T00:58:45.436+0000] {processor.py:161} INFO - Started process (PID=165) to work on /opt/airflow/dags/etl.py
[2025-11-26T00:58:45.440+0000] {processor.py:830} INFO - Processing file /opt/airflow/dags/etl.py for tasks to queue
[2025-11-26T00:58:45.446+0000] {logging_mixin.py:188} INFO - [2025-11-26T00:58:45.445+0000] {dagbag.py:540} INFO - Filling up the DagBag from /opt/airflow/dags/etl.py
[2025-11-26T00:58:46.943+0000] {processor.py:840} INFO - DAG(s) 'etl_adworks_simplificado' retrieved from /opt/airflow/dags/etl.py
[2025-11-26T00:58:47.017+0000] {logging_mixin.py:188} INFO - [2025-11-26T00:58:47.015+0000] {dag.py:3096} INFO - Sync 1 DAGs
[2025-11-26T00:58:47.049+0000] {logging_mixin.py:188} INFO - [2025-11-26T00:58:47.048+0000] {dag.py:3954} INFO - Setting next_dagrun for etl_adworks_simplificado to None, run_after=None
[2025-11-26T00:58:47.106+0000] {processor.py:183} INFO - Processing /opt/airflow/dags/etl.py took 1.688 seconds
[2025-11-26T00:59:17.598+0000] {processor.py:161} INFO - Started process (PID=176) to work on /opt/airflow/dags/etl.py
[2025-11-26T00:59:17.603+0000] {processor.py:830} INFO - Processing file /opt/airflow/dags/etl.py for tasks to queue
[2025-11-26T00:59:17.610+0000] {logging_mixin.py:188} INFO - [2025-11-26T00:59:17.609+0000] {dagbag.py:540} INFO - Filling up the DagBag from /opt/airflow/dags/etl.py
[2025-11-26T00:59:18.905+0000] {processor.py:840} INFO - DAG(s) 'etl_adworks_simplificado' retrieved from /opt/airflow/dags/etl.py
[2025-11-26T00:59:18.971+0000] {logging_mixin.py:188} INFO - [2025-11-26T00:59:18.970+0000] {dag.py:3096} INFO - Sync 1 DAGs
[2025-11-26T00:59:18.999+0000] {logging_mixin.py:188} INFO - [2025-11-26T00:59:18.999+0000] {dag.py:3954} INFO - Setting next_dagrun for etl_adworks_simplificado to None, run_after=None
[2025-11-26T00:59:19.055+0000] {processor.py:183} INFO - Processing /opt/airflow/dags/etl.py took 1.478 seconds
[2025-11-26T00:59:50.721+0000] {processor.py:161} INFO - Started process (PID=187) to work on /opt/airflow/dags/etl.py
[2025-11-26T00:59:50.724+0000] {processor.py:830} INFO - Processing file /opt/airflow/dags/etl.py for tasks to queue
[2025-11-26T00:59:50.731+0000] {logging_mixin.py:188} INFO - [2025-11-26T00:59:50.729+0000] {dagbag.py:540} INFO - Filling up the DagBag from /opt/airflow/dags/etl.py
[2025-11-26T00:59:52.065+0000] {processor.py:840} INFO - DAG(s) 'etl_adworks_simplificado' retrieved from /opt/airflow/dags/etl.py
[2025-11-26T00:59:52.144+0000] {logging_mixin.py:188} INFO - [2025-11-26T00:59:52.143+0000] {dag.py:3096} INFO - Sync 1 DAGs
[2025-11-26T00:59:52.183+0000] {logging_mixin.py:188} INFO - [2025-11-26T00:59:52.182+0000] {dag.py:3954} INFO - Setting next_dagrun for etl_adworks_simplificado to None, run_after=None
[2025-11-26T00:59:52.247+0000] {processor.py:183} INFO - Processing /opt/airflow/dags/etl.py took 1.548 seconds
[2025-11-26T01:00:23.384+0000] {processor.py:161} INFO - Started process (PID=198) to work on /opt/airflow/dags/etl.py
[2025-11-26T01:00:23.388+0000] {processor.py:830} INFO - Processing file /opt/airflow/dags/etl.py for tasks to queue
[2025-11-26T01:00:23.397+0000] {logging_mixin.py:188} INFO - [2025-11-26T01:00:23.396+0000] {dagbag.py:540} INFO - Filling up the DagBag from /opt/airflow/dags/etl.py
[2025-11-26T01:00:24.854+0000] {processor.py:840} INFO - DAG(s) 'etl_adworks_simplificado' retrieved from /opt/airflow/dags/etl.py
[2025-11-26T01:00:24.919+0000] {logging_mixin.py:188} INFO - [2025-11-26T01:00:24.918+0000] {dag.py:3096} INFO - Sync 1 DAGs
[2025-11-26T01:00:24.945+0000] {logging_mixin.py:188} INFO - [2025-11-26T01:00:24.945+0000] {dag.py:3954} INFO - Setting next_dagrun for etl_adworks_simplificado to None, run_after=None
[2025-11-26T01:00:24.994+0000] {processor.py:183} INFO - Processing /opt/airflow/dags/etl.py took 1.635 seconds
[2025-11-26T01:00:56.425+0000] {processor.py:161} INFO - Started process (PID=209) to work on /opt/airflow/dags/etl.py
[2025-11-26T01:00:56.428+0000] {processor.py:830} INFO - Processing file /opt/airflow/dags/etl.py for tasks to queue
[2025-11-26T01:00:56.436+0000] {logging_mixin.py:188} INFO - [2025-11-26T01:00:56.434+0000] {dagbag.py:540} INFO - Filling up the DagBag from /opt/airflow/dags/etl.py
[2025-11-26T01:00:57.932+0000] {processor.py:840} INFO - DAG(s) 'etl_adworks_simplificado' retrieved from /opt/airflow/dags/etl.py
[2025-11-26T01:00:58.005+0000] {logging_mixin.py:188} INFO - [2025-11-26T01:00:58.004+0000] {dag.py:3096} INFO - Sync 1 DAGs
[2025-11-26T01:00:58.041+0000] {logging_mixin.py:188} INFO - [2025-11-26T01:00:58.041+0000] {dag.py:3954} INFO - Setting next_dagrun for etl_adworks_simplificado to None, run_after=None
[2025-11-26T01:00:58.096+0000] {processor.py:183} INFO - Processing /opt/airflow/dags/etl.py took 1.691 seconds
[2025-11-26T01:01:28.419+0000] {processor.py:161} INFO - Started process (PID=220) to work on /opt/airflow/dags/etl.py
[2025-11-26T01:01:28.423+0000] {processor.py:830} INFO - Processing file /opt/airflow/dags/etl.py for tasks to queue
[2025-11-26T01:01:28.431+0000] {logging_mixin.py:188} INFO - [2025-11-26T01:01:28.430+0000] {dagbag.py:540} INFO - Filling up the DagBag from /opt/airflow/dags/etl.py
[2025-11-26T01:01:29.948+0000] {processor.py:840} INFO - DAG(s) 'etl_adworks_simplificado' retrieved from /opt/airflow/dags/etl.py
[2025-11-26T01:01:30.023+0000] {logging_mixin.py:188} INFO - [2025-11-26T01:01:30.022+0000] {dag.py:3096} INFO - Sync 1 DAGs
[2025-11-26T01:01:30.058+0000] {logging_mixin.py:188} INFO - [2025-11-26T01:01:30.057+0000] {dag.py:3954} INFO - Setting next_dagrun for etl_adworks_simplificado to None, run_after=None
[2025-11-26T01:01:30.131+0000] {processor.py:183} INFO - Processing /opt/airflow/dags/etl.py took 1.751 seconds
[2025-11-26T01:02:00.558+0000] {processor.py:161} INFO - Started process (PID=231) to work on /opt/airflow/dags/etl.py
[2025-11-26T01:02:00.562+0000] {processor.py:830} INFO - Processing file /opt/airflow/dags/etl.py for tasks to queue
[2025-11-26T01:02:00.571+0000] {logging_mixin.py:188} INFO - [2025-11-26T01:02:00.570+0000] {dagbag.py:540} INFO - Filling up the DagBag from /opt/airflow/dags/etl.py
[2025-11-26T01:02:01.996+0000] {processor.py:840} INFO - DAG(s) 'etl_adworks_simplificado' retrieved from /opt/airflow/dags/etl.py
[2025-11-26T01:02:02.069+0000] {logging_mixin.py:188} INFO - [2025-11-26T01:02:02.067+0000] {dag.py:3096} INFO - Sync 1 DAGs
[2025-11-26T01:02:02.106+0000] {logging_mixin.py:188} INFO - [2025-11-26T01:02:02.105+0000] {dag.py:3954} INFO - Setting next_dagrun for etl_adworks_simplificado to None, run_after=None
[2025-11-26T01:02:02.163+0000] {processor.py:183} INFO - Processing /opt/airflow/dags/etl.py took 1.635 seconds
[2025-11-26T01:02:32.759+0000] {processor.py:161} INFO - Started process (PID=242) to work on /opt/airflow/dags/etl.py
[2025-11-26T01:02:32.764+0000] {processor.py:830} INFO - Processing file /opt/airflow/dags/etl.py for tasks to queue
[2025-11-26T01:02:32.770+0000] {logging_mixin.py:188} INFO - [2025-11-26T01:02:32.769+0000] {dagbag.py:540} INFO - Filling up the DagBag from /opt/airflow/dags/etl.py
[2025-11-26T01:02:33.913+0000] {processor.py:840} INFO - DAG(s) 'etl_adworks_simplificado' retrieved from /opt/airflow/dags/etl.py
[2025-11-26T01:02:33.976+0000] {logging_mixin.py:188} INFO - [2025-11-26T01:02:33.975+0000] {dag.py:3096} INFO - Sync 1 DAGs
[2025-11-26T01:02:33.995+0000] {logging_mixin.py:188} INFO - [2025-11-26T01:02:33.995+0000] {dag.py:3954} INFO - Setting next_dagrun for etl_adworks_simplificado to None, run_after=None
[2025-11-26T01:02:34.030+0000] {processor.py:183} INFO - Processing /opt/airflow/dags/etl.py took 1.292 seconds
[2025-11-26T01:03:04.854+0000] {processor.py:161} INFO - Started process (PID=254) to work on /opt/airflow/dags/etl.py
[2025-11-26T01:03:04.902+0000] {processor.py:830} INFO - Processing file /opt/airflow/dags/etl.py for tasks to queue
[2025-11-26T01:03:04.992+0000] {logging_mixin.py:188} INFO - [2025-11-26T01:03:04.981+0000] {dagbag.py:540} INFO - Filling up the DagBag from /opt/airflow/dags/etl.py
[2025-11-26T01:03:12.329+0000] {processor.py:840} INFO - DAG(s) 'etl_adworks_simplificado' retrieved from /opt/airflow/dags/etl.py
[2025-11-26T01:03:12.532+0000] {logging_mixin.py:188} INFO - [2025-11-26T01:03:12.530+0000] {dag.py:3096} INFO - Sync 1 DAGs
[2025-11-26T01:03:12.608+0000] {logging_mixin.py:188} INFO - [2025-11-26T01:03:12.608+0000] {dag.py:3954} INFO - Setting next_dagrun for etl_adworks_simplificado to None, run_after=None
[2025-11-26T01:03:12.686+0000] {processor.py:183} INFO - Processing /opt/airflow/dags/etl.py took 8.052 seconds
[2025-11-26T01:03:42.931+0000] {processor.py:161} INFO - Started process (PID=280) to work on /opt/airflow/dags/etl.py
[2025-11-26T01:03:42.939+0000] {processor.py:830} INFO - Processing file /opt/airflow/dags/etl.py for tasks to queue
[2025-11-26T01:03:42.948+0000] {logging_mixin.py:188} INFO - [2025-11-26T01:03:42.947+0000] {dagbag.py:540} INFO - Filling up the DagBag from /opt/airflow/dags/etl.py
[2025-11-26T01:03:44.645+0000] {processor.py:840} INFO - DAG(s) 'etl_adworks_simplificado' retrieved from /opt/airflow/dags/etl.py
[2025-11-26T01:03:44.707+0000] {logging_mixin.py:188} INFO - [2025-11-26T01:03:44.705+0000] {dag.py:3096} INFO - Sync 1 DAGs
[2025-11-26T01:03:44.731+0000] {logging_mixin.py:188} INFO - [2025-11-26T01:03:44.731+0000] {dag.py:3954} INFO - Setting next_dagrun for etl_adworks_simplificado to None, run_after=None
[2025-11-26T01:03:44.773+0000] {processor.py:183} INFO - Processing /opt/airflow/dags/etl.py took 1.872 seconds
[2025-11-26T01:04:15.207+0000] {processor.py:161} INFO - Started process (PID=291) to work on /opt/airflow/dags/etl.py
[2025-11-26T01:04:15.211+0000] {processor.py:830} INFO - Processing file /opt/airflow/dags/etl.py for tasks to queue
[2025-11-26T01:04:15.216+0000] {logging_mixin.py:188} INFO - [2025-11-26T01:04:15.215+0000] {dagbag.py:540} INFO - Filling up the DagBag from /opt/airflow/dags/etl.py
[2025-11-26T01:04:16.368+0000] {processor.py:840} INFO - DAG(s) 'etl_adworks_simplificado' retrieved from /opt/airflow/dags/etl.py
[2025-11-26T01:04:16.431+0000] {logging_mixin.py:188} INFO - [2025-11-26T01:04:16.430+0000] {dag.py:3096} INFO - Sync 1 DAGs
[2025-11-26T01:04:16.457+0000] {logging_mixin.py:188} INFO - [2025-11-26T01:04:16.456+0000] {dag.py:3954} INFO - Setting next_dagrun for etl_adworks_simplificado to None, run_after=None
[2025-11-26T01:04:16.501+0000] {processor.py:183} INFO - Processing /opt/airflow/dags/etl.py took 1.312 seconds
[2025-11-26T01:04:46.919+0000] {processor.py:161} INFO - Started process (PID=302) to work on /opt/airflow/dags/etl.py
[2025-11-26T01:04:46.922+0000] {processor.py:830} INFO - Processing file /opt/airflow/dags/etl.py for tasks to queue
[2025-11-26T01:04:46.927+0000] {logging_mixin.py:188} INFO - [2025-11-26T01:04:46.926+0000] {dagbag.py:540} INFO - Filling up the DagBag from /opt/airflow/dags/etl.py
[2025-11-26T01:04:47.941+0000] {processor.py:840} INFO - DAG(s) 'etl_adworks_simplificado' retrieved from /opt/airflow/dags/etl.py
[2025-11-26T01:04:47.995+0000] {logging_mixin.py:188} INFO - [2025-11-26T01:04:47.994+0000] {dag.py:3096} INFO - Sync 1 DAGs
[2025-11-26T01:04:48.016+0000] {logging_mixin.py:188} INFO - [2025-11-26T01:04:48.016+0000] {dag.py:3954} INFO - Setting next_dagrun for etl_adworks_simplificado to None, run_after=None
[2025-11-26T01:04:48.051+0000] {processor.py:183} INFO - Processing /opt/airflow/dags/etl.py took 1.146 seconds
[2025-11-26T01:05:18.444+0000] {processor.py:161} INFO - Started process (PID=331) to work on /opt/airflow/dags/etl.py
[2025-11-26T01:05:18.447+0000] {processor.py:830} INFO - Processing file /opt/airflow/dags/etl.py for tasks to queue
[2025-11-26T01:05:18.453+0000] {logging_mixin.py:188} INFO - [2025-11-26T01:05:18.452+0000] {dagbag.py:540} INFO - Filling up the DagBag from /opt/airflow/dags/etl.py
[2025-11-26T01:05:19.373+0000] {processor.py:840} INFO - DAG(s) 'etl_adworks_simplificado' retrieved from /opt/airflow/dags/etl.py
[2025-11-26T01:05:19.419+0000] {logging_mixin.py:188} INFO - [2025-11-26T01:05:19.418+0000] {dag.py:3096} INFO - Sync 1 DAGs
[2025-11-26T01:05:19.440+0000] {logging_mixin.py:188} INFO - [2025-11-26T01:05:19.439+0000] {dag.py:3954} INFO - Setting next_dagrun for etl_adworks_simplificado to None, run_after=None
[2025-11-26T01:05:19.479+0000] {processor.py:183} INFO - Processing /opt/airflow/dags/etl.py took 1.052 seconds
[2025-11-26T01:05:49.824+0000] {processor.py:161} INFO - Started process (PID=342) to work on /opt/airflow/dags/etl.py
[2025-11-26T01:05:49.827+0000] {processor.py:830} INFO - Processing file /opt/airflow/dags/etl.py for tasks to queue
[2025-11-26T01:05:49.832+0000] {logging_mixin.py:188} INFO - [2025-11-26T01:05:49.831+0000] {dagbag.py:540} INFO - Filling up the DagBag from /opt/airflow/dags/etl.py
[2025-11-26T01:05:50.787+0000] {processor.py:840} INFO - DAG(s) 'etl_adworks_simplificado' retrieved from /opt/airflow/dags/etl.py
[2025-11-26T01:05:50.836+0000] {logging_mixin.py:188} INFO - [2025-11-26T01:05:50.835+0000] {dag.py:3096} INFO - Sync 1 DAGs
[2025-11-26T01:05:50.857+0000] {logging_mixin.py:188} INFO - [2025-11-26T01:05:50.856+0000] {dag.py:3954} INFO - Setting next_dagrun for etl_adworks_simplificado to None, run_after=None
[2025-11-26T01:05:50.895+0000] {processor.py:183} INFO - Processing /opt/airflow/dags/etl.py took 1.087 seconds
[2025-11-26T01:07:50.115+0000] {processor.py:161} INFO - Started process (PID=59) to work on /opt/airflow/dags/etl.py
[2025-11-26T01:07:50.118+0000] {processor.py:830} INFO - Processing file /opt/airflow/dags/etl.py for tasks to queue
[2025-11-26T01:07:50.123+0000] {logging_mixin.py:188} INFO - [2025-11-26T01:07:50.122+0000] {dagbag.py:540} INFO - Filling up the DagBag from /opt/airflow/dags/etl.py
[2025-11-26T01:07:50.777+0000] {processor.py:840} INFO - DAG(s) 'etl_adworks_simplificado' retrieved from /opt/airflow/dags/etl.py
[2025-11-26T01:07:50.807+0000] {logging_mixin.py:188} INFO - [2025-11-26T01:07:50.806+0000] {dag.py:3096} INFO - Sync 1 DAGs
[2025-11-26T01:07:50.834+0000] {logging_mixin.py:188} INFO - [2025-11-26T01:07:50.833+0000] {dag.py:3954} INFO - Setting next_dagrun for etl_adworks_simplificado to None, run_after=None
[2025-11-26T01:07:50.877+0000] {processor.py:183} INFO - Processing /opt/airflow/dags/etl.py took 0.776 seconds
[2025-11-26T01:08:23.280+0000] {processor.py:161} INFO - Started process (PID=70) to work on /opt/airflow/dags/etl.py
[2025-11-26T01:08:23.283+0000] {processor.py:830} INFO - Processing file /opt/airflow/dags/etl.py for tasks to queue
[2025-11-26T01:08:23.288+0000] {logging_mixin.py:188} INFO - [2025-11-26T01:08:23.287+0000] {dagbag.py:540} INFO - Filling up the DagBag from /opt/airflow/dags/etl.py
[2025-11-26T01:08:23.977+0000] {processor.py:840} INFO - DAG(s) 'etl_adworks_simplificado' retrieved from /opt/airflow/dags/etl.py
[2025-11-26T01:08:24.443+0000] {logging_mixin.py:188} INFO - [2025-11-26T01:08:24.442+0000] {dag.py:3096} INFO - Sync 1 DAGs
[2025-11-26T01:08:24.460+0000] {logging_mixin.py:188} INFO - [2025-11-26T01:08:24.460+0000] {dag.py:3954} INFO - Setting next_dagrun for etl_adworks_simplificado to None, run_after=None
[2025-11-26T01:08:24.568+0000] {processor.py:183} INFO - Processing /opt/airflow/dags/etl.py took 1.303 seconds
[2025-11-26T01:08:55.416+0000] {processor.py:161} INFO - Started process (PID=82) to work on /opt/airflow/dags/etl.py
[2025-11-26T01:08:55.419+0000] {processor.py:830} INFO - Processing file /opt/airflow/dags/etl.py for tasks to queue
[2025-11-26T01:08:55.424+0000] {logging_mixin.py:188} INFO - [2025-11-26T01:08:55.423+0000] {dagbag.py:540} INFO - Filling up the DagBag from /opt/airflow/dags/etl.py
[2025-11-26T01:08:56.150+0000] {processor.py:840} INFO - DAG(s) 'etl_adworks_simplificado' retrieved from /opt/airflow/dags/etl.py
[2025-11-26T01:08:56.206+0000] {logging_mixin.py:188} INFO - [2025-11-26T01:08:56.203+0000] {dag.py:3096} INFO - Sync 1 DAGs
[2025-11-26T01:08:56.475+0000] {logging_mixin.py:188} INFO - [2025-11-26T01:08:56.475+0000] {dag.py:3954} INFO - Setting next_dagrun for etl_adworks_simplificado to None, run_after=None
[2025-11-26T01:08:56.514+0000] {processor.py:183} INFO - Processing /opt/airflow/dags/etl.py took 1.114 seconds
[2025-11-26T01:09:26.936+0000] {processor.py:161} INFO - Started process (PID=110) to work on /opt/airflow/dags/etl.py
[2025-11-26T01:09:26.939+0000] {processor.py:830} INFO - Processing file /opt/airflow/dags/etl.py for tasks to queue
[2025-11-26T01:09:26.943+0000] {logging_mixin.py:188} INFO - [2025-11-26T01:09:26.942+0000] {dagbag.py:540} INFO - Filling up the DagBag from /opt/airflow/dags/etl.py
[2025-11-26T01:09:27.739+0000] {processor.py:840} INFO - DAG(s) 'etl_adworks_simplificado' retrieved from /opt/airflow/dags/etl.py
[2025-11-26T01:09:28.122+0000] {logging_mixin.py:188} INFO - [2025-11-26T01:09:28.121+0000] {dag.py:3096} INFO - Sync 1 DAGs
[2025-11-26T01:09:28.143+0000] {logging_mixin.py:188} INFO - [2025-11-26T01:09:28.143+0000] {dag.py:3954} INFO - Setting next_dagrun for etl_adworks_simplificado to None, run_after=None
[2025-11-26T01:09:28.206+0000] {processor.py:183} INFO - Processing /opt/airflow/dags/etl.py took 1.285 seconds
[2025-11-26T01:09:58.906+0000] {processor.py:161} INFO - Started process (PID=121) to work on /opt/airflow/dags/etl.py
[2025-11-26T01:09:58.909+0000] {processor.py:830} INFO - Processing file /opt/airflow/dags/etl.py for tasks to queue
[2025-11-26T01:09:58.913+0000] {logging_mixin.py:188} INFO - [2025-11-26T01:09:58.913+0000] {dagbag.py:540} INFO - Filling up the DagBag from /opt/airflow/dags/etl.py
[2025-11-26T01:09:59.808+0000] {processor.py:840} INFO - DAG(s) 'etl_adworks_simplificado' retrieved from /opt/airflow/dags/etl.py
[2025-11-26T01:09:59.867+0000] {logging_mixin.py:188} INFO - [2025-11-26T01:09:59.865+0000] {dag.py:3096} INFO - Sync 1 DAGs
[2025-11-26T01:09:59.890+0000] {logging_mixin.py:188} INFO - [2025-11-26T01:09:59.890+0000] {dag.py:3954} INFO - Setting next_dagrun for etl_adworks_simplificado to None, run_after=None
[2025-11-26T01:09:59.933+0000] {processor.py:183} INFO - Processing /opt/airflow/dags/etl.py took 1.041 seconds
[2025-11-26T01:10:30.284+0000] {processor.py:161} INFO - Started process (PID=132) to work on /opt/airflow/dags/etl.py
[2025-11-26T01:10:30.287+0000] {processor.py:830} INFO - Processing file /opt/airflow/dags/etl.py for tasks to queue
[2025-11-26T01:10:30.292+0000] {logging_mixin.py:188} INFO - [2025-11-26T01:10:30.291+0000] {dagbag.py:540} INFO - Filling up the DagBag from /opt/airflow/dags/etl.py
[2025-11-26T01:10:31.238+0000] {processor.py:840} INFO - DAG(s) 'etl_adworks_simplificado' retrieved from /opt/airflow/dags/etl.py
[2025-11-26T01:10:31.288+0000] {logging_mixin.py:188} INFO - [2025-11-26T01:10:31.287+0000] {dag.py:3096} INFO - Sync 1 DAGs
[2025-11-26T01:10:31.313+0000] {logging_mixin.py:188} INFO - [2025-11-26T01:10:31.312+0000] {dag.py:3954} INFO - Setting next_dagrun for etl_adworks_simplificado to None, run_after=None
[2025-11-26T01:10:31.363+0000] {processor.py:183} INFO - Processing /opt/airflow/dags/etl.py took 1.094 seconds
[2025-11-26T01:11:02.419+0000] {processor.py:161} INFO - Started process (PID=143) to work on /opt/airflow/dags/etl.py
[2025-11-26T01:11:02.422+0000] {processor.py:830} INFO - Processing file /opt/airflow/dags/etl.py for tasks to queue
[2025-11-26T01:11:02.427+0000] {logging_mixin.py:188} INFO - [2025-11-26T01:11:02.426+0000] {dagbag.py:540} INFO - Filling up the DagBag from /opt/airflow/dags/etl.py
[2025-11-26T01:11:03.392+0000] {processor.py:840} INFO - DAG(s) 'etl_adworks_simplificado' retrieved from /opt/airflow/dags/etl.py
[2025-11-26T01:11:03.445+0000] {logging_mixin.py:188} INFO - [2025-11-26T01:11:03.444+0000] {dag.py:3096} INFO - Sync 1 DAGs
[2025-11-26T01:11:03.469+0000] {logging_mixin.py:188} INFO - [2025-11-26T01:11:03.469+0000] {dag.py:3954} INFO - Setting next_dagrun for etl_adworks_simplificado to None, run_after=None
[2025-11-26T01:11:03.505+0000] {processor.py:183} INFO - Processing /opt/airflow/dags/etl.py took 1.100 seconds
[2025-11-26T01:11:33.734+0000] {processor.py:161} INFO - Started process (PID=154) to work on /opt/airflow/dags/etl.py
[2025-11-26T01:11:33.736+0000] {processor.py:830} INFO - Processing file /opt/airflow/dags/etl.py for tasks to queue
[2025-11-26T01:11:33.741+0000] {logging_mixin.py:188} INFO - [2025-11-26T01:11:33.740+0000] {dagbag.py:540} INFO - Filling up the DagBag from /opt/airflow/dags/etl.py
[2025-11-26T01:11:34.754+0000] {processor.py:840} INFO - DAG(s) 'etl_adworks_simplificado' retrieved from /opt/airflow/dags/etl.py
[2025-11-26T01:11:34.803+0000] {logging_mixin.py:188} INFO - [2025-11-26T01:11:34.803+0000] {dag.py:3096} INFO - Sync 1 DAGs
[2025-11-26T01:11:34.823+0000] {logging_mixin.py:188} INFO - [2025-11-26T01:11:34.823+0000] {dag.py:3954} INFO - Setting next_dagrun for etl_adworks_simplificado to None, run_after=None
[2025-11-26T01:11:34.859+0000] {processor.py:183} INFO - Processing /opt/airflow/dags/etl.py took 1.140 seconds
[2025-11-26T01:12:05.194+0000] {processor.py:161} INFO - Started process (PID=165) to work on /opt/airflow/dags/etl.py
[2025-11-26T01:12:05.197+0000] {processor.py:830} INFO - Processing file /opt/airflow/dags/etl.py for tasks to queue
[2025-11-26T01:12:05.203+0000] {logging_mixin.py:188} INFO - [2025-11-26T01:12:05.201+0000] {dagbag.py:540} INFO - Filling up the DagBag from /opt/airflow/dags/etl.py
[2025-11-26T01:12:06.211+0000] {processor.py:840} INFO - DAG(s) 'etl_adworks_simplificado' retrieved from /opt/airflow/dags/etl.py
[2025-11-26T01:12:06.269+0000] {logging_mixin.py:188} INFO - [2025-11-26T01:12:06.267+0000] {dag.py:3096} INFO - Sync 1 DAGs
[2025-11-26T01:12:06.291+0000] {logging_mixin.py:188} INFO - [2025-11-26T01:12:06.290+0000] {dag.py:3954} INFO - Setting next_dagrun for etl_adworks_simplificado to None, run_after=None
[2025-11-26T01:12:06.338+0000] {processor.py:183} INFO - Processing /opt/airflow/dags/etl.py took 1.159 seconds
[2025-11-26T01:12:36.720+0000] {processor.py:161} INFO - Started process (PID=176) to work on /opt/airflow/dags/etl.py
[2025-11-26T01:12:36.723+0000] {processor.py:830} INFO - Processing file /opt/airflow/dags/etl.py for tasks to queue
[2025-11-26T01:12:36.729+0000] {logging_mixin.py:188} INFO - [2025-11-26T01:12:36.727+0000] {dagbag.py:540} INFO - Filling up the DagBag from /opt/airflow/dags/etl.py
[2025-11-26T01:12:37.781+0000] {processor.py:840} INFO - DAG(s) 'etl_adworks_simplificado' retrieved from /opt/airflow/dags/etl.py
[2025-11-26T01:12:37.837+0000] {logging_mixin.py:188} INFO - [2025-11-26T01:12:37.836+0000] {dag.py:3096} INFO - Sync 1 DAGs
[2025-11-26T01:12:37.859+0000] {logging_mixin.py:188} INFO - [2025-11-26T01:12:37.859+0000] {dag.py:3954} INFO - Setting next_dagrun for etl_adworks_simplificado to None, run_after=None
[2025-11-26T01:12:37.903+0000] {processor.py:183} INFO - Processing /opt/airflow/dags/etl.py took 1.197 seconds
[2025-11-26T01:13:08.404+0000] {processor.py:161} INFO - Started process (PID=187) to work on /opt/airflow/dags/etl.py
[2025-11-26T01:13:08.407+0000] {processor.py:830} INFO - Processing file /opt/airflow/dags/etl.py for tasks to queue
[2025-11-26T01:13:08.412+0000] {logging_mixin.py:188} INFO - [2025-11-26T01:13:08.411+0000] {dagbag.py:540} INFO - Filling up the DagBag from /opt/airflow/dags/etl.py
[2025-11-26T01:13:09.339+0000] {processor.py:840} INFO - DAG(s) 'etl_adworks_simplificado' retrieved from /opt/airflow/dags/etl.py
[2025-11-26T01:13:09.404+0000] {logging_mixin.py:188} INFO - [2025-11-26T01:13:09.403+0000] {dag.py:3096} INFO - Sync 1 DAGs
[2025-11-26T01:13:09.427+0000] {logging_mixin.py:188} INFO - [2025-11-26T01:13:09.427+0000] {dag.py:3954} INFO - Setting next_dagrun for etl_adworks_simplificado to None, run_after=None
[2025-11-26T01:13:09.463+0000] {processor.py:183} INFO - Processing /opt/airflow/dags/etl.py took 1.077 seconds
[2025-11-26T01:13:39.694+0000] {processor.py:161} INFO - Started process (PID=198) to work on /opt/airflow/dags/etl.py
[2025-11-26T01:13:39.696+0000] {processor.py:830} INFO - Processing file /opt/airflow/dags/etl.py for tasks to queue
[2025-11-26T01:13:39.702+0000] {logging_mixin.py:188} INFO - [2025-11-26T01:13:39.701+0000] {dagbag.py:540} INFO - Filling up the DagBag from /opt/airflow/dags/etl.py
[2025-11-26T01:13:40.775+0000] {processor.py:840} INFO - DAG(s) 'etl_adworks_simplificado' retrieved from /opt/airflow/dags/etl.py
[2025-11-26T01:13:40.835+0000] {logging_mixin.py:188} INFO - [2025-11-26T01:13:40.834+0000] {dag.py:3096} INFO - Sync 1 DAGs
[2025-11-26T01:13:40.860+0000] {logging_mixin.py:188} INFO - [2025-11-26T01:13:40.859+0000] {dag.py:3954} INFO - Setting next_dagrun for etl_adworks_simplificado to None, run_after=None
[2025-11-26T01:13:40.905+0000] {processor.py:183} INFO - Processing /opt/airflow/dags/etl.py took 1.227 seconds
[2025-11-26T01:15:26.188+0000] {processor.py:161} INFO - Started process (PID=59) to work on /opt/airflow/dags/etl.py
[2025-11-26T01:15:26.192+0000] {processor.py:830} INFO - Processing file /opt/airflow/dags/etl.py for tasks to queue
[2025-11-26T01:15:26.196+0000] {logging_mixin.py:188} INFO - [2025-11-26T01:15:26.195+0000] {dagbag.py:540} INFO - Filling up the DagBag from /opt/airflow/dags/etl.py
[2025-11-26T01:15:26.850+0000] {processor.py:840} INFO - DAG(s) 'etl_adworks_simplificado' retrieved from /opt/airflow/dags/etl.py
[2025-11-26T01:15:26.877+0000] {logging_mixin.py:188} INFO - [2025-11-26T01:15:26.876+0000] {dag.py:3096} INFO - Sync 1 DAGs
[2025-11-26T01:15:26.903+0000] {logging_mixin.py:188} INFO - [2025-11-26T01:15:26.902+0000] {dag.py:3954} INFO - Setting next_dagrun for etl_adworks_simplificado to None, run_after=None
[2025-11-26T01:15:26.943+0000] {processor.py:183} INFO - Processing /opt/airflow/dags/etl.py took 0.769 seconds
[2025-11-26T01:15:59.429+0000] {processor.py:161} INFO - Started process (PID=70) to work on /opt/airflow/dags/etl.py
[2025-11-26T01:15:59.432+0000] {processor.py:830} INFO - Processing file /opt/airflow/dags/etl.py for tasks to queue
[2025-11-26T01:15:59.437+0000] {logging_mixin.py:188} INFO - [2025-11-26T01:15:59.436+0000] {dagbag.py:540} INFO - Filling up the DagBag from /opt/airflow/dags/etl.py
[2025-11-26T01:16:00.115+0000] {processor.py:840} INFO - DAG(s) 'etl_adworks_simplificado' retrieved from /opt/airflow/dags/etl.py
[2025-11-26T01:16:00.658+0000] {logging_mixin.py:188} INFO - [2025-11-26T01:16:00.657+0000] {dag.py:3096} INFO - Sync 1 DAGs
[2025-11-26T01:16:00.675+0000] {logging_mixin.py:188} INFO - [2025-11-26T01:16:00.675+0000] {dag.py:3954} INFO - Setting next_dagrun for etl_adworks_simplificado to None, run_after=None
[2025-11-26T01:16:00.736+0000] {processor.py:183} INFO - Processing /opt/airflow/dags/etl.py took 1.321 seconds
[2025-11-26T01:16:31.497+0000] {processor.py:161} INFO - Started process (PID=81) to work on /opt/airflow/dags/etl.py
[2025-11-26T01:16:31.500+0000] {processor.py:830} INFO - Processing file /opt/airflow/dags/etl.py for tasks to queue
[2025-11-26T01:16:31.505+0000] {logging_mixin.py:188} INFO - [2025-11-26T01:16:31.505+0000] {dagbag.py:540} INFO - Filling up the DagBag from /opt/airflow/dags/etl.py
[2025-11-26T01:16:32.175+0000] {processor.py:840} INFO - DAG(s) 'etl_adworks_simplificado' retrieved from /opt/airflow/dags/etl.py
[2025-11-26T01:16:32.228+0000] {logging_mixin.py:188} INFO - [2025-11-26T01:16:32.225+0000] {dag.py:3096} INFO - Sync 1 DAGs
[2025-11-26T01:16:32.783+0000] {logging_mixin.py:188} INFO - [2025-11-26T01:16:32.782+0000] {dag.py:3954} INFO - Setting next_dagrun for etl_adworks_simplificado to None, run_after=None
[2025-11-26T01:16:32.842+0000] {processor.py:183} INFO - Processing /opt/airflow/dags/etl.py took 1.365 seconds
[2025-11-26T01:17:03.529+0000] {processor.py:161} INFO - Started process (PID=110) to work on /opt/airflow/dags/etl.py
[2025-11-26T01:17:03.532+0000] {processor.py:830} INFO - Processing file /opt/airflow/dags/etl.py for tasks to queue
[2025-11-26T01:17:03.538+0000] {logging_mixin.py:188} INFO - [2025-11-26T01:17:03.537+0000] {dagbag.py:540} INFO - Filling up the DagBag from /opt/airflow/dags/etl.py
[2025-11-26T01:17:04.452+0000] {processor.py:840} INFO - DAG(s) 'etl_adworks_simplificado' retrieved from /opt/airflow/dags/etl.py
[2025-11-26T01:17:04.908+0000] {logging_mixin.py:188} INFO - [2025-11-26T01:17:04.906+0000] {dag.py:3096} INFO - Sync 1 DAGs
[2025-11-26T01:17:04.936+0000] {logging_mixin.py:188} INFO - [2025-11-26T01:17:04.935+0000] {dag.py:3954} INFO - Setting next_dagrun for etl_adworks_simplificado to None, run_after=None
[2025-11-26T01:17:04.982+0000] {processor.py:183} INFO - Processing /opt/airflow/dags/etl.py took 1.471 seconds
[2025-11-26T01:17:35.364+0000] {processor.py:161} INFO - Started process (PID=139) to work on /opt/airflow/dags/etl.py
[2025-11-26T01:17:35.366+0000] {processor.py:830} INFO - Processing file /opt/airflow/dags/etl.py for tasks to queue
[2025-11-26T01:17:35.371+0000] {logging_mixin.py:188} INFO - [2025-11-26T01:17:35.370+0000] {dagbag.py:540} INFO - Filling up the DagBag from /opt/airflow/dags/etl.py
[2025-11-26T01:17:36.485+0000] {processor.py:840} INFO - DAG(s) 'etl_adworks_simplificado' retrieved from /opt/airflow/dags/etl.py
[2025-11-26T01:17:36.546+0000] {logging_mixin.py:188} INFO - [2025-11-26T01:17:36.545+0000] {dag.py:3096} INFO - Sync 1 DAGs
[2025-11-26T01:17:36.569+0000] {logging_mixin.py:188} INFO - [2025-11-26T01:17:36.568+0000] {dag.py:3954} INFO - Setting next_dagrun for etl_adworks_simplificado to None, run_after=None
[2025-11-26T01:17:36.677+0000] {processor.py:183} INFO - Processing /opt/airflow/dags/etl.py took 1.328 seconds
[2025-11-26T01:18:07.467+0000] {processor.py:161} INFO - Started process (PID=150) to work on /opt/airflow/dags/etl.py
[2025-11-26T01:18:07.469+0000] {processor.py:830} INFO - Processing file /opt/airflow/dags/etl.py for tasks to queue
[2025-11-26T01:18:07.474+0000] {logging_mixin.py:188} INFO - [2025-11-26T01:18:07.473+0000] {dagbag.py:540} INFO - Filling up the DagBag from /opt/airflow/dags/etl.py
[2025-11-26T01:18:08.521+0000] {processor.py:840} INFO - DAG(s) 'etl_adworks_simplificado' retrieved from /opt/airflow/dags/etl.py
[2025-11-26T01:18:08.569+0000] {logging_mixin.py:188} INFO - [2025-11-26T01:18:08.569+0000] {dag.py:3096} INFO - Sync 1 DAGs
[2025-11-26T01:18:08.592+0000] {logging_mixin.py:188} INFO - [2025-11-26T01:18:08.591+0000] {dag.py:3954} INFO - Setting next_dagrun for etl_adworks_simplificado to None, run_after=None
[2025-11-26T01:18:08.636+0000] {processor.py:183} INFO - Processing /opt/airflow/dags/etl.py took 1.183 seconds
[2025-11-26T01:18:39.126+0000] {processor.py:161} INFO - Started process (PID=161) to work on /opt/airflow/dags/etl.py
[2025-11-26T01:18:39.129+0000] {processor.py:830} INFO - Processing file /opt/airflow/dags/etl.py for tasks to queue
[2025-11-26T01:18:39.135+0000] {logging_mixin.py:188} INFO - [2025-11-26T01:18:39.133+0000] {dagbag.py:540} INFO - Filling up the DagBag from /opt/airflow/dags/etl.py
[2025-11-26T01:18:40.265+0000] {processor.py:840} INFO - DAG(s) 'etl_adworks_simplificado' retrieved from /opt/airflow/dags/etl.py
[2025-11-26T01:18:40.318+0000] {logging_mixin.py:188} INFO - [2025-11-26T01:18:40.317+0000] {dag.py:3096} INFO - Sync 1 DAGs
[2025-11-26T01:18:40.341+0000] {logging_mixin.py:188} INFO - [2025-11-26T01:18:40.341+0000] {dag.py:3954} INFO - Setting next_dagrun for etl_adworks_simplificado to None, run_after=None
[2025-11-26T01:18:40.379+0000] {processor.py:183} INFO - Processing /opt/airflow/dags/etl.py took 1.275 seconds
[2025-11-26T01:19:10.989+0000] {processor.py:161} INFO - Started process (PID=172) to work on /opt/airflow/dags/etl.py
[2025-11-26T01:19:10.991+0000] {processor.py:830} INFO - Processing file /opt/airflow/dags/etl.py for tasks to queue
[2025-11-26T01:19:10.996+0000] {logging_mixin.py:188} INFO - [2025-11-26T01:19:10.995+0000] {dagbag.py:540} INFO - Filling up the DagBag from /opt/airflow/dags/etl.py
[2025-11-26T01:19:11.938+0000] {processor.py:840} INFO - DAG(s) 'etl_adworks_simplificado' retrieved from /opt/airflow/dags/etl.py
[2025-11-26T01:19:11.988+0000] {logging_mixin.py:188} INFO - [2025-11-26T01:19:11.987+0000] {dag.py:3096} INFO - Sync 1 DAGs
[2025-11-26T01:19:12.008+0000] {logging_mixin.py:188} INFO - [2025-11-26T01:19:12.008+0000] {dag.py:3954} INFO - Setting next_dagrun for etl_adworks_simplificado to None, run_after=None
[2025-11-26T01:19:12.045+0000] {processor.py:183} INFO - Processing /opt/airflow/dags/etl.py took 1.070 seconds
[2025-11-26T01:19:43.162+0000] {processor.py:161} INFO - Started process (PID=183) to work on /opt/airflow/dags/etl.py
[2025-11-26T01:19:43.165+0000] {processor.py:830} INFO - Processing file /opt/airflow/dags/etl.py for tasks to queue
[2025-11-26T01:19:43.170+0000] {logging_mixin.py:188} INFO - [2025-11-26T01:19:43.169+0000] {dagbag.py:540} INFO - Filling up the DagBag from /opt/airflow/dags/etl.py
[2025-11-26T01:19:44.228+0000] {processor.py:840} INFO - DAG(s) 'etl_adworks_simplificado' retrieved from /opt/airflow/dags/etl.py
[2025-11-26T01:19:44.304+0000] {logging_mixin.py:188} INFO - [2025-11-26T01:19:44.303+0000] {dag.py:3096} INFO - Sync 1 DAGs
[2025-11-26T01:19:44.327+0000] {logging_mixin.py:188} INFO - [2025-11-26T01:19:44.327+0000] {dag.py:3954} INFO - Setting next_dagrun for etl_adworks_simplificado to None, run_after=None
[2025-11-26T01:19:44.390+0000] {processor.py:183} INFO - Processing /opt/airflow/dags/etl.py took 1.243 seconds
[2025-11-26T01:20:15.330+0000] {processor.py:161} INFO - Started process (PID=194) to work on /opt/airflow/dags/etl.py
[2025-11-26T01:20:15.333+0000] {processor.py:830} INFO - Processing file /opt/airflow/dags/etl.py for tasks to queue
[2025-11-26T01:20:15.339+0000] {logging_mixin.py:188} INFO - [2025-11-26T01:20:15.338+0000] {dagbag.py:540} INFO - Filling up the DagBag from /opt/airflow/dags/etl.py
[2025-11-26T01:20:16.391+0000] {processor.py:840} INFO - DAG(s) 'etl_adworks_simplificado' retrieved from /opt/airflow/dags/etl.py
[2025-11-26T01:20:16.449+0000] {logging_mixin.py:188} INFO - [2025-11-26T01:20:16.448+0000] {dag.py:3096} INFO - Sync 1 DAGs
[2025-11-26T01:20:16.472+0000] {logging_mixin.py:188} INFO - [2025-11-26T01:20:16.471+0000] {dag.py:3954} INFO - Setting next_dagrun for etl_adworks_simplificado to None, run_after=None
[2025-11-26T01:20:16.516+0000] {processor.py:183} INFO - Processing /opt/airflow/dags/etl.py took 1.202 seconds
[2025-11-26T01:20:50.512+0000] {processor.py:161} INFO - Started process (PID=205) to work on /opt/airflow/dags/etl.py
[2025-11-26T01:20:50.516+0000] {processor.py:830} INFO - Processing file /opt/airflow/dags/etl.py for tasks to queue
[2025-11-26T01:20:50.521+0000] {logging_mixin.py:188} INFO - [2025-11-26T01:20:50.520+0000] {dagbag.py:540} INFO - Filling up the DagBag from /opt/airflow/dags/etl.py
[2025-11-26T01:20:51.566+0000] {processor.py:840} INFO - DAG(s) 'etl_adworks_simplificado' retrieved from /opt/airflow/dags/etl.py
[2025-11-26T01:20:51.626+0000] {logging_mixin.py:188} INFO - [2025-11-26T01:20:51.623+0000] {dag.py:3096} INFO - Sync 1 DAGs
[2025-11-26T01:20:51.652+0000] {logging_mixin.py:188} INFO - [2025-11-26T01:20:51.652+0000] {dag.py:3954} INFO - Setting next_dagrun for etl_adworks_simplificado to None, run_after=None
[2025-11-26T01:20:51.697+0000] {processor.py:183} INFO - Processing /opt/airflow/dags/etl.py took 1.202 seconds
[2025-11-26T01:21:21.833+0000] {processor.py:161} INFO - Started process (PID=216) to work on /opt/airflow/dags/etl.py
[2025-11-26T01:21:21.836+0000] {processor.py:830} INFO - Processing file /opt/airflow/dags/etl.py for tasks to queue
[2025-11-26T01:21:21.841+0000] {logging_mixin.py:188} INFO - [2025-11-26T01:21:21.840+0000] {dagbag.py:540} INFO - Filling up the DagBag from /opt/airflow/dags/etl.py
[2025-11-26T01:21:22.829+0000] {processor.py:840} INFO - DAG(s) 'etl_adworks_simplificado' retrieved from /opt/airflow/dags/etl.py
[2025-11-26T01:21:22.878+0000] {logging_mixin.py:188} INFO - [2025-11-26T01:21:22.877+0000] {dag.py:3096} INFO - Sync 1 DAGs
[2025-11-26T01:21:22.899+0000] {logging_mixin.py:188} INFO - [2025-11-26T01:21:22.899+0000] {dag.py:3954} INFO - Setting next_dagrun for etl_adworks_simplificado to None, run_after=None
[2025-11-26T01:21:22.935+0000] {processor.py:183} INFO - Processing /opt/airflow/dags/etl.py took 1.116 seconds
[2025-11-26T01:21:53.084+0000] {processor.py:161} INFO - Started process (PID=227) to work on /opt/airflow/dags/etl.py
[2025-11-26T01:21:53.088+0000] {processor.py:830} INFO - Processing file /opt/airflow/dags/etl.py for tasks to queue
[2025-11-26T01:21:53.094+0000] {logging_mixin.py:188} INFO - [2025-11-26T01:21:53.093+0000] {dagbag.py:540} INFO - Filling up the DagBag from /opt/airflow/dags/etl.py
[2025-11-26T01:21:54.788+0000] {processor.py:840} INFO - DAG(s) 'etl_adworks_simplificado' retrieved from /opt/airflow/dags/etl.py
[2025-11-26T01:21:54.833+0000] {logging_mixin.py:188} INFO - [2025-11-26T01:21:54.833+0000] {dag.py:3096} INFO - Sync 1 DAGs
[2025-11-26T01:21:54.852+0000] {logging_mixin.py:188} INFO - [2025-11-26T01:21:54.851+0000] {dag.py:3954} INFO - Setting next_dagrun for etl_adworks_simplificado to None, run_after=None
[2025-11-26T01:21:54.889+0000] {processor.py:183} INFO - Processing /opt/airflow/dags/etl.py took 1.819 seconds
[2025-11-26T01:22:25.457+0000] {processor.py:161} INFO - Started process (PID=238) to work on /opt/airflow/dags/etl.py
[2025-11-26T01:22:25.460+0000] {processor.py:830} INFO - Processing file /opt/airflow/dags/etl.py for tasks to queue
[2025-11-26T01:22:25.465+0000] {logging_mixin.py:188} INFO - [2025-11-26T01:22:25.464+0000] {dagbag.py:540} INFO - Filling up the DagBag from /opt/airflow/dags/etl.py
[2025-11-26T01:22:26.406+0000] {processor.py:840} INFO - DAG(s) 'etl_adworks_simplificado' retrieved from /opt/airflow/dags/etl.py
[2025-11-26T01:22:26.450+0000] {logging_mixin.py:188} INFO - [2025-11-26T01:22:26.449+0000] {dag.py:3096} INFO - Sync 1 DAGs
[2025-11-26T01:22:26.469+0000] {logging_mixin.py:188} INFO - [2025-11-26T01:22:26.469+0000] {dag.py:3954} INFO - Setting next_dagrun for etl_adworks_simplificado to None, run_after=None
[2025-11-26T01:22:26.508+0000] {processor.py:183} INFO - Processing /opt/airflow/dags/etl.py took 1.065 seconds
[2025-11-26T01:22:56.675+0000] {processor.py:161} INFO - Started process (PID=249) to work on /opt/airflow/dags/etl.py
[2025-11-26T01:22:56.678+0000] {processor.py:830} INFO - Processing file /opt/airflow/dags/etl.py for tasks to queue
[2025-11-26T01:22:56.682+0000] {logging_mixin.py:188} INFO - [2025-11-26T01:22:56.682+0000] {dagbag.py:540} INFO - Filling up the DagBag from /opt/airflow/dags/etl.py
[2025-11-26T01:22:57.726+0000] {processor.py:840} INFO - DAG(s) 'etl_adworks_simplificado' retrieved from /opt/airflow/dags/etl.py
[2025-11-26T01:22:57.777+0000] {logging_mixin.py:188} INFO - [2025-11-26T01:22:57.776+0000] {dag.py:3096} INFO - Sync 1 DAGs
[2025-11-26T01:22:57.800+0000] {logging_mixin.py:188} INFO - [2025-11-26T01:22:57.799+0000] {dag.py:3954} INFO - Setting next_dagrun for etl_adworks_simplificado to None, run_after=None
[2025-11-26T01:22:57.837+0000] {processor.py:183} INFO - Processing /opt/airflow/dags/etl.py took 1.176 seconds
[2025-11-26T01:23:28.832+0000] {processor.py:161} INFO - Started process (PID=260) to work on /opt/airflow/dags/etl.py
[2025-11-26T01:23:28.835+0000] {processor.py:830} INFO - Processing file /opt/airflow/dags/etl.py for tasks to queue
[2025-11-26T01:23:28.840+0000] {logging_mixin.py:188} INFO - [2025-11-26T01:23:28.839+0000] {dagbag.py:540} INFO - Filling up the DagBag from /opt/airflow/dags/etl.py
[2025-11-26T01:23:29.774+0000] {processor.py:840} INFO - DAG(s) 'etl_adworks_simplificado' retrieved from /opt/airflow/dags/etl.py
[2025-11-26T01:23:29.834+0000] {logging_mixin.py:188} INFO - [2025-11-26T01:23:29.833+0000] {dag.py:3096} INFO - Sync 1 DAGs
[2025-11-26T01:23:29.857+0000] {logging_mixin.py:188} INFO - [2025-11-26T01:23:29.857+0000] {dag.py:3954} INFO - Setting next_dagrun for etl_adworks_simplificado to None, run_after=None
[2025-11-26T01:23:29.900+0000] {processor.py:183} INFO - Processing /opt/airflow/dags/etl.py took 1.084 seconds
[2025-11-26T01:24:00.088+0000] {processor.py:161} INFO - Started process (PID=271) to work on /opt/airflow/dags/etl.py
[2025-11-26T01:24:00.091+0000] {processor.py:830} INFO - Processing file /opt/airflow/dags/etl.py for tasks to queue
[2025-11-26T01:24:00.095+0000] {logging_mixin.py:188} INFO - [2025-11-26T01:24:00.094+0000] {dagbag.py:540} INFO - Filling up the DagBag from /opt/airflow/dags/etl.py
[2025-11-26T01:24:01.126+0000] {processor.py:840} INFO - DAG(s) 'etl_adworks_simplificado' retrieved from /opt/airflow/dags/etl.py
[2025-11-26T01:24:01.173+0000] {logging_mixin.py:188} INFO - [2025-11-26T01:24:01.172+0000] {dag.py:3096} INFO - Sync 1 DAGs
[2025-11-26T01:24:01.194+0000] {logging_mixin.py:188} INFO - [2025-11-26T01:24:01.193+0000] {dag.py:3954} INFO - Setting next_dagrun for etl_adworks_simplificado to None, run_after=None
[2025-11-26T01:24:01.234+0000] {processor.py:183} INFO - Processing /opt/airflow/dags/etl.py took 1.160 seconds
[2025-11-26T01:24:31.697+0000] {processor.py:161} INFO - Started process (PID=282) to work on /opt/airflow/dags/etl.py
[2025-11-26T01:24:31.700+0000] {processor.py:830} INFO - Processing file /opt/airflow/dags/etl.py for tasks to queue
[2025-11-26T01:24:31.706+0000] {logging_mixin.py:188} INFO - [2025-11-26T01:24:31.705+0000] {dagbag.py:540} INFO - Filling up the DagBag from /opt/airflow/dags/etl.py
[2025-11-26T01:24:32.683+0000] {processor.py:840} INFO - DAG(s) 'etl_adworks_simplificado' retrieved from /opt/airflow/dags/etl.py
[2025-11-26T01:24:32.730+0000] {logging_mixin.py:188} INFO - [2025-11-26T01:24:32.729+0000] {dag.py:3096} INFO - Sync 1 DAGs
[2025-11-26T01:24:32.751+0000] {logging_mixin.py:188} INFO - [2025-11-26T01:24:32.751+0000] {dag.py:3954} INFO - Setting next_dagrun for etl_adworks_simplificado to None, run_after=None
[2025-11-26T01:24:32.790+0000] {processor.py:183} INFO - Processing /opt/airflow/dags/etl.py took 1.108 seconds
[2025-11-26T01:25:03.691+0000] {processor.py:161} INFO - Started process (PID=293) to work on /opt/airflow/dags/etl.py
[2025-11-26T01:25:03.693+0000] {processor.py:830} INFO - Processing file /opt/airflow/dags/etl.py for tasks to queue
[2025-11-26T01:25:03.698+0000] {logging_mixin.py:188} INFO - [2025-11-26T01:25:03.697+0000] {dagbag.py:540} INFO - Filling up the DagBag from /opt/airflow/dags/etl.py
[2025-11-26T01:25:04.590+0000] {processor.py:840} INFO - DAG(s) 'etl_adworks_simplificado' retrieved from /opt/airflow/dags/etl.py
[2025-11-26T01:25:04.634+0000] {logging_mixin.py:188} INFO - [2025-11-26T01:25:04.633+0000] {dag.py:3096} INFO - Sync 1 DAGs
[2025-11-26T01:25:04.656+0000] {logging_mixin.py:188} INFO - [2025-11-26T01:25:04.655+0000] {dag.py:3954} INFO - Setting next_dagrun for etl_adworks_simplificado to None, run_after=None
[2025-11-26T01:25:04.694+0000] {processor.py:183} INFO - Processing /opt/airflow/dags/etl.py took 1.018 seconds
[2025-11-26T01:25:35.392+0000] {processor.py:161} INFO - Started process (PID=304) to work on /opt/airflow/dags/etl.py
[2025-11-26T01:25:35.395+0000] {processor.py:830} INFO - Processing file /opt/airflow/dags/etl.py for tasks to queue
[2025-11-26T01:25:35.400+0000] {logging_mixin.py:188} INFO - [2025-11-26T01:25:35.399+0000] {dagbag.py:540} INFO - Filling up the DagBag from /opt/airflow/dags/etl.py
[2025-11-26T01:25:36.491+0000] {processor.py:840} INFO - DAG(s) 'etl_adworks_simplificado' retrieved from /opt/airflow/dags/etl.py
[2025-11-26T01:25:36.551+0000] {logging_mixin.py:188} INFO - [2025-11-26T01:25:36.550+0000] {dag.py:3096} INFO - Sync 1 DAGs
[2025-11-26T01:25:36.575+0000] {logging_mixin.py:188} INFO - [2025-11-26T01:25:36.574+0000] {dag.py:3954} INFO - Setting next_dagrun for etl_adworks_simplificado to None, run_after=None
[2025-11-26T01:25:36.611+0000] {processor.py:183} INFO - Processing /opt/airflow/dags/etl.py took 1.268 seconds
[2025-11-26T01:26:07.437+0000] {processor.py:161} INFO - Started process (PID=315) to work on /opt/airflow/dags/etl.py
[2025-11-26T01:26:07.439+0000] {processor.py:830} INFO - Processing file /opt/airflow/dags/etl.py for tasks to queue
[2025-11-26T01:26:07.444+0000] {logging_mixin.py:188} INFO - [2025-11-26T01:26:07.443+0000] {dagbag.py:540} INFO - Filling up the DagBag from /opt/airflow/dags/etl.py
[2025-11-26T01:26:08.362+0000] {processor.py:840} INFO - DAG(s) 'etl_adworks_simplificado' retrieved from /opt/airflow/dags/etl.py
[2025-11-26T01:26:08.410+0000] {logging_mixin.py:188} INFO - [2025-11-26T01:26:08.409+0000] {dag.py:3096} INFO - Sync 1 DAGs
[2025-11-26T01:26:08.431+0000] {logging_mixin.py:188} INFO - [2025-11-26T01:26:08.431+0000] {dag.py:3954} INFO - Setting next_dagrun for etl_adworks_simplificado to None, run_after=None
[2025-11-26T01:26:08.467+0000] {processor.py:183} INFO - Processing /opt/airflow/dags/etl.py took 1.045 seconds
[2025-11-26T01:26:39.292+0000] {processor.py:161} INFO - Started process (PID=326) to work on /opt/airflow/dags/etl.py
[2025-11-26T01:26:39.295+0000] {processor.py:830} INFO - Processing file /opt/airflow/dags/etl.py for tasks to queue
[2025-11-26T01:26:39.299+0000] {logging_mixin.py:188} INFO - [2025-11-26T01:26:39.299+0000] {dagbag.py:540} INFO - Filling up the DagBag from /opt/airflow/dags/etl.py
[2025-11-26T01:26:40.230+0000] {processor.py:840} INFO - DAG(s) 'etl_adworks_simplificado' retrieved from /opt/airflow/dags/etl.py
[2025-11-26T01:26:40.283+0000] {logging_mixin.py:188} INFO - [2025-11-26T01:26:40.282+0000] {dag.py:3096} INFO - Sync 1 DAGs
[2025-11-26T01:26:40.305+0000] {logging_mixin.py:188} INFO - [2025-11-26T01:26:40.305+0000] {dag.py:3954} INFO - Setting next_dagrun for etl_adworks_simplificado to None, run_after=None
[2025-11-26T01:26:40.343+0000] {processor.py:183} INFO - Processing /opt/airflow/dags/etl.py took 1.066 seconds
[2025-11-26T01:27:11.148+0000] {processor.py:161} INFO - Started process (PID=337) to work on /opt/airflow/dags/etl.py
[2025-11-26T01:27:11.150+0000] {processor.py:830} INFO - Processing file /opt/airflow/dags/etl.py for tasks to queue
[2025-11-26T01:27:11.155+0000] {logging_mixin.py:188} INFO - [2025-11-26T01:27:11.154+0000] {dagbag.py:540} INFO - Filling up the DagBag from /opt/airflow/dags/etl.py
[2025-11-26T01:27:12.045+0000] {processor.py:840} INFO - DAG(s) 'etl_adworks_simplificado' retrieved from /opt/airflow/dags/etl.py
[2025-11-26T01:27:12.097+0000] {logging_mixin.py:188} INFO - [2025-11-26T01:27:12.096+0000] {dag.py:3096} INFO - Sync 1 DAGs
[2025-11-26T01:27:12.120+0000] {logging_mixin.py:188} INFO - [2025-11-26T01:27:12.119+0000] {dag.py:3954} INFO - Setting next_dagrun for etl_adworks_simplificado to None, run_after=None
[2025-11-26T01:27:12.158+0000] {processor.py:183} INFO - Processing /opt/airflow/dags/etl.py took 1.023 seconds
[2025-11-26T01:27:43.106+0000] {processor.py:161} INFO - Started process (PID=348) to work on /opt/airflow/dags/etl.py
[2025-11-26T01:27:43.109+0000] {processor.py:830} INFO - Processing file /opt/airflow/dags/etl.py for tasks to queue
[2025-11-26T01:27:43.113+0000] {logging_mixin.py:188} INFO - [2025-11-26T01:27:43.113+0000] {dagbag.py:540} INFO - Filling up the DagBag from /opt/airflow/dags/etl.py
[2025-11-26T01:27:43.994+0000] {processor.py:840} INFO - DAG(s) 'etl_adworks_simplificado' retrieved from /opt/airflow/dags/etl.py
[2025-11-26T01:27:44.045+0000] {logging_mixin.py:188} INFO - [2025-11-26T01:27:44.041+0000] {dag.py:3096} INFO - Sync 1 DAGs
[2025-11-26T01:27:44.064+0000] {logging_mixin.py:188} INFO - [2025-11-26T01:27:44.063+0000] {dag.py:3954} INFO - Setting next_dagrun for etl_adworks_simplificado to None, run_after=None
[2025-11-26T01:27:44.098+0000] {processor.py:183} INFO - Processing /opt/airflow/dags/etl.py took 1.004 seconds
[2025-11-26T01:28:14.709+0000] {processor.py:161} INFO - Started process (PID=359) to work on /opt/airflow/dags/etl.py
[2025-11-26T01:28:14.712+0000] {processor.py:830} INFO - Processing file /opt/airflow/dags/etl.py for tasks to queue
[2025-11-26T01:28:14.716+0000] {logging_mixin.py:188} INFO - [2025-11-26T01:28:14.716+0000] {dagbag.py:540} INFO - Filling up the DagBag from /opt/airflow/dags/etl.py
[2025-11-26T01:28:15.647+0000] {processor.py:840} INFO - DAG(s) 'etl_adworks_simplificado' retrieved from /opt/airflow/dags/etl.py
[2025-11-26T01:28:15.696+0000] {logging_mixin.py:188} INFO - [2025-11-26T01:28:15.695+0000] {dag.py:3096} INFO - Sync 1 DAGs
[2025-11-26T01:28:15.717+0000] {logging_mixin.py:188} INFO - [2025-11-26T01:28:15.716+0000] {dag.py:3954} INFO - Setting next_dagrun for etl_adworks_simplificado to None, run_after=None
[2025-11-26T01:28:16.053+0000] {processor.py:183} INFO - Processing /opt/airflow/dags/etl.py took 1.359 seconds
[2025-11-26T01:28:46.924+0000] {processor.py:161} INFO - Started process (PID=370) to work on /opt/airflow/dags/etl.py
[2025-11-26T01:28:46.927+0000] {processor.py:830} INFO - Processing file /opt/airflow/dags/etl.py for tasks to queue
[2025-11-26T01:28:46.932+0000] {logging_mixin.py:188} INFO - [2025-11-26T01:28:46.931+0000] {dagbag.py:540} INFO - Filling up the DagBag from /opt/airflow/dags/etl.py
[2025-11-26T01:28:47.815+0000] {processor.py:840} INFO - DAG(s) 'etl_adworks_simplificado' retrieved from /opt/airflow/dags/etl.py
[2025-11-26T01:28:47.864+0000] {logging_mixin.py:188} INFO - [2025-11-26T01:28:47.863+0000] {dag.py:3096} INFO - Sync 1 DAGs
[2025-11-26T01:28:47.886+0000] {logging_mixin.py:188} INFO - [2025-11-26T01:28:47.886+0000] {dag.py:3954} INFO - Setting next_dagrun for etl_adworks_simplificado to None, run_after=None
[2025-11-26T01:28:47.926+0000] {processor.py:183} INFO - Processing /opt/airflow/dags/etl.py took 1.016 seconds
[2025-11-26T01:29:18.749+0000] {processor.py:161} INFO - Started process (PID=381) to work on /opt/airflow/dags/etl.py
[2025-11-26T01:29:18.752+0000] {processor.py:830} INFO - Processing file /opt/airflow/dags/etl.py for tasks to queue
[2025-11-26T01:29:18.756+0000] {logging_mixin.py:188} INFO - [2025-11-26T01:29:18.755+0000] {dagbag.py:540} INFO - Filling up the DagBag from /opt/airflow/dags/etl.py
[2025-11-26T01:29:19.626+0000] {processor.py:840} INFO - DAG(s) 'etl_adworks_simplificado' retrieved from /opt/airflow/dags/etl.py
[2025-11-26T01:29:19.676+0000] {logging_mixin.py:188} INFO - [2025-11-26T01:29:19.675+0000] {dag.py:3096} INFO - Sync 1 DAGs
[2025-11-26T01:29:19.699+0000] {logging_mixin.py:188} INFO - [2025-11-26T01:29:19.699+0000] {dag.py:3954} INFO - Setting next_dagrun for etl_adworks_simplificado to None, run_after=None
[2025-11-26T01:29:19.741+0000] {processor.py:183} INFO - Processing /opt/airflow/dags/etl.py took 1.005 seconds
[2025-11-26T01:29:50.627+0000] {processor.py:161} INFO - Started process (PID=392) to work on /opt/airflow/dags/etl.py
[2025-11-26T01:29:50.629+0000] {processor.py:830} INFO - Processing file /opt/airflow/dags/etl.py for tasks to queue
[2025-11-26T01:29:50.634+0000] {logging_mixin.py:188} INFO - [2025-11-26T01:29:50.633+0000] {dagbag.py:540} INFO - Filling up the DagBag from /opt/airflow/dags/etl.py
[2025-11-26T01:29:51.483+0000] {processor.py:840} INFO - DAG(s) 'etl_adworks_simplificado' retrieved from /opt/airflow/dags/etl.py
[2025-11-26T01:29:51.533+0000] {logging_mixin.py:188} INFO - [2025-11-26T01:29:51.531+0000] {dag.py:3096} INFO - Sync 1 DAGs
[2025-11-26T01:29:51.554+0000] {logging_mixin.py:188} INFO - [2025-11-26T01:29:51.554+0000] {dag.py:3954} INFO - Setting next_dagrun for etl_adworks_simplificado to None, run_after=None
[2025-11-26T01:29:51.589+0000] {processor.py:183} INFO - Processing /opt/airflow/dags/etl.py took 0.975 seconds
[2025-11-26T01:30:22.715+0000] {processor.py:161} INFO - Started process (PID=403) to work on /opt/airflow/dags/etl.py
[2025-11-26T01:30:22.718+0000] {processor.py:830} INFO - Processing file /opt/airflow/dags/etl.py for tasks to queue
[2025-11-26T01:30:22.722+0000] {logging_mixin.py:188} INFO - [2025-11-26T01:30:22.722+0000] {dagbag.py:540} INFO - Filling up the DagBag from /opt/airflow/dags/etl.py
[2025-11-26T01:30:23.590+0000] {processor.py:840} INFO - DAG(s) 'etl_adworks_simplificado' retrieved from /opt/airflow/dags/etl.py
[2025-11-26T01:30:23.638+0000] {logging_mixin.py:188} INFO - [2025-11-26T01:30:23.637+0000] {dag.py:3096} INFO - Sync 1 DAGs
[2025-11-26T01:30:23.659+0000] {logging_mixin.py:188} INFO - [2025-11-26T01:30:23.658+0000] {dag.py:3954} INFO - Setting next_dagrun for etl_adworks_simplificado to None, run_after=None
[2025-11-26T01:30:23.694+0000] {processor.py:183} INFO - Processing /opt/airflow/dags/etl.py took 0.992 seconds
[2025-11-26T01:30:54.814+0000] {processor.py:161} INFO - Started process (PID=414) to work on /opt/airflow/dags/etl.py
[2025-11-26T01:30:54.817+0000] {processor.py:830} INFO - Processing file /opt/airflow/dags/etl.py for tasks to queue
[2025-11-26T01:30:54.823+0000] {logging_mixin.py:188} INFO - [2025-11-26T01:30:54.822+0000] {dagbag.py:540} INFO - Filling up the DagBag from /opt/airflow/dags/etl.py
[2025-11-26T01:30:55.688+0000] {processor.py:840} INFO - DAG(s) 'etl_adworks_simplificado' retrieved from /opt/airflow/dags/etl.py
[2025-11-26T01:30:55.735+0000] {logging_mixin.py:188} INFO - [2025-11-26T01:30:55.734+0000] {dag.py:3096} INFO - Sync 1 DAGs
[2025-11-26T01:30:55.757+0000] {logging_mixin.py:188} INFO - [2025-11-26T01:30:55.756+0000] {dag.py:3954} INFO - Setting next_dagrun for etl_adworks_simplificado to None, run_after=None
[2025-11-26T01:30:55.796+0000] {processor.py:183} INFO - Processing /opt/airflow/dags/etl.py took 0.997 seconds
[2025-11-26T01:31:26.681+0000] {processor.py:161} INFO - Started process (PID=425) to work on /opt/airflow/dags/etl.py
[2025-11-26T01:31:26.684+0000] {processor.py:830} INFO - Processing file /opt/airflow/dags/etl.py for tasks to queue
[2025-11-26T01:31:26.688+0000] {logging_mixin.py:188} INFO - [2025-11-26T01:31:26.687+0000] {dagbag.py:540} INFO - Filling up the DagBag from /opt/airflow/dags/etl.py
[2025-11-26T01:31:27.551+0000] {processor.py:840} INFO - DAG(s) 'etl_adworks_simplificado' retrieved from /opt/airflow/dags/etl.py
[2025-11-26T01:31:27.600+0000] {logging_mixin.py:188} INFO - [2025-11-26T01:31:27.599+0000] {dag.py:3096} INFO - Sync 1 DAGs
[2025-11-26T01:31:27.623+0000] {logging_mixin.py:188} INFO - [2025-11-26T01:31:27.622+0000] {dag.py:3954} INFO - Setting next_dagrun for etl_adworks_simplificado to None, run_after=None
[2025-11-26T01:31:27.664+0000] {processor.py:183} INFO - Processing /opt/airflow/dags/etl.py took 0.997 seconds
[2025-11-26T01:31:57.970+0000] {processor.py:161} INFO - Started process (PID=436) to work on /opt/airflow/dags/etl.py
[2025-11-26T01:31:57.973+0000] {processor.py:830} INFO - Processing file /opt/airflow/dags/etl.py for tasks to queue
[2025-11-26T01:31:57.977+0000] {logging_mixin.py:188} INFO - [2025-11-26T01:31:57.976+0000] {dagbag.py:540} INFO - Filling up the DagBag from /opt/airflow/dags/etl.py
[2025-11-26T01:31:58.977+0000] {processor.py:840} INFO - DAG(s) 'etl_adworks_simplificado' retrieved from /opt/airflow/dags/etl.py
[2025-11-26T01:31:59.032+0000] {logging_mixin.py:188} INFO - [2025-11-26T01:31:59.029+0000] {dag.py:3096} INFO - Sync 1 DAGs
[2025-11-26T01:31:59.053+0000] {logging_mixin.py:188} INFO - [2025-11-26T01:31:59.053+0000] {dag.py:3954} INFO - Setting next_dagrun for etl_adworks_simplificado to None, run_after=None
[2025-11-26T01:31:59.098+0000] {processor.py:183} INFO - Processing /opt/airflow/dags/etl.py took 1.142 seconds
[2025-11-26T01:32:30.067+0000] {processor.py:161} INFO - Started process (PID=447) to work on /opt/airflow/dags/etl.py
[2025-11-26T01:32:30.072+0000] {processor.py:830} INFO - Processing file /opt/airflow/dags/etl.py for tasks to queue
[2025-11-26T01:32:30.077+0000] {logging_mixin.py:188} INFO - [2025-11-26T01:32:30.076+0000] {dagbag.py:540} INFO - Filling up the DagBag from /opt/airflow/dags/etl.py
[2025-11-26T01:32:31.182+0000] {processor.py:840} INFO - DAG(s) 'etl_adworks_simplificado' retrieved from /opt/airflow/dags/etl.py
[2025-11-26T01:32:31.240+0000] {logging_mixin.py:188} INFO - [2025-11-26T01:32:31.239+0000] {dag.py:3096} INFO - Sync 1 DAGs
[2025-11-26T01:32:31.263+0000] {logging_mixin.py:188} INFO - [2025-11-26T01:32:31.263+0000] {dag.py:3954} INFO - Setting next_dagrun for etl_adworks_simplificado to None, run_after=None
[2025-11-26T01:32:31.311+0000] {processor.py:183} INFO - Processing /opt/airflow/dags/etl.py took 1.260 seconds
[2025-11-26T01:33:01.705+0000] {processor.py:161} INFO - Started process (PID=458) to work on /opt/airflow/dags/etl.py
[2025-11-26T01:33:01.708+0000] {processor.py:830} INFO - Processing file /opt/airflow/dags/etl.py for tasks to queue
[2025-11-26T01:33:01.713+0000] {logging_mixin.py:188} INFO - [2025-11-26T01:33:01.712+0000] {dagbag.py:540} INFO - Filling up the DagBag from /opt/airflow/dags/etl.py
[2025-11-26T01:33:02.840+0000] {processor.py:840} INFO - DAG(s) 'etl_adworks_simplificado' retrieved from /opt/airflow/dags/etl.py
[2025-11-26T01:33:03.413+0000] {logging_mixin.py:188} INFO - [2025-11-26T01:33:03.412+0000] {dag.py:3096} INFO - Sync 1 DAGs
[2025-11-26T01:33:03.432+0000] {logging_mixin.py:188} INFO - [2025-11-26T01:33:03.431+0000] {dag.py:3954} INFO - Setting next_dagrun for etl_adworks_simplificado to None, run_after=None
[2025-11-26T01:33:03.577+0000] {processor.py:183} INFO - Processing /opt/airflow/dags/etl.py took 1.886 seconds
[2025-11-26T01:33:34.227+0000] {processor.py:161} INFO - Started process (PID=469) to work on /opt/airflow/dags/etl.py
[2025-11-26T01:33:34.229+0000] {processor.py:830} INFO - Processing file /opt/airflow/dags/etl.py for tasks to queue
[2025-11-26T01:33:34.401+0000] {logging_mixin.py:188} INFO - [2025-11-26T01:33:34.400+0000] {dagbag.py:540} INFO - Filling up the DagBag from /opt/airflow/dags/etl.py
[2025-11-26T01:33:35.768+0000] {processor.py:840} INFO - DAG(s) 'etl_adworks_simplificado' retrieved from /opt/airflow/dags/etl.py
[2025-11-26T01:33:35.828+0000] {logging_mixin.py:188} INFO - [2025-11-26T01:33:35.827+0000] {dag.py:3096} INFO - Sync 1 DAGs
[2025-11-26T01:33:35.847+0000] {logging_mixin.py:188} INFO - [2025-11-26T01:33:35.846+0000] {dag.py:3954} INFO - Setting next_dagrun for etl_adworks_simplificado to None, run_after=None
[2025-11-26T01:33:35.897+0000] {processor.py:183} INFO - Processing /opt/airflow/dags/etl.py took 1.685 seconds
[2025-11-26T01:34:06.167+0000] {processor.py:161} INFO - Started process (PID=480) to work on /opt/airflow/dags/etl.py
[2025-11-26T01:34:06.169+0000] {processor.py:830} INFO - Processing file /opt/airflow/dags/etl.py for tasks to queue
[2025-11-26T01:34:06.174+0000] {logging_mixin.py:188} INFO - [2025-11-26T01:34:06.174+0000] {dagbag.py:540} INFO - Filling up the DagBag from /opt/airflow/dags/etl.py
[2025-11-26T01:34:07.243+0000] {processor.py:840} INFO - DAG(s) 'etl_adworks_simplificado' retrieved from /opt/airflow/dags/etl.py
[2025-11-26T01:34:07.297+0000] {logging_mixin.py:188} INFO - [2025-11-26T01:34:07.294+0000] {dag.py:3096} INFO - Sync 1 DAGs
[2025-11-26T01:34:07.320+0000] {logging_mixin.py:188} INFO - [2025-11-26T01:34:07.319+0000] {dag.py:3954} INFO - Setting next_dagrun for etl_adworks_simplificado to None, run_after=None
[2025-11-26T01:34:07.360+0000] {processor.py:183} INFO - Processing /opt/airflow/dags/etl.py took 1.208 seconds
[2025-11-26T01:34:38.035+0000] {processor.py:161} INFO - Started process (PID=491) to work on /opt/airflow/dags/etl.py
[2025-11-26T01:34:38.038+0000] {processor.py:830} INFO - Processing file /opt/airflow/dags/etl.py for tasks to queue
[2025-11-26T01:34:38.042+0000] {logging_mixin.py:188} INFO - [2025-11-26T01:34:38.041+0000] {dagbag.py:540} INFO - Filling up the DagBag from /opt/airflow/dags/etl.py
[2025-11-26T01:34:39.037+0000] {processor.py:840} INFO - DAG(s) 'etl_adworks_simplificado' retrieved from /opt/airflow/dags/etl.py
[2025-11-26T01:34:39.113+0000] {logging_mixin.py:188} INFO - [2025-11-26T01:34:39.112+0000] {dag.py:3096} INFO - Sync 1 DAGs
[2025-11-26T01:34:39.133+0000] {logging_mixin.py:188} INFO - [2025-11-26T01:34:39.133+0000] {dag.py:3954} INFO - Setting next_dagrun for etl_adworks_simplificado to None, run_after=None
[2025-11-26T01:34:39.241+0000] {processor.py:183} INFO - Processing /opt/airflow/dags/etl.py took 1.219 seconds
[2025-11-26T01:35:12.968+0000] {processor.py:161} INFO - Started process (PID=502) to work on /opt/airflow/dags/etl.py
[2025-11-26T01:35:12.971+0000] {processor.py:830} INFO - Processing file /opt/airflow/dags/etl.py for tasks to queue
[2025-11-26T01:35:12.977+0000] {logging_mixin.py:188} INFO - [2025-11-26T01:35:12.976+0000] {dagbag.py:540} INFO - Filling up the DagBag from /opt/airflow/dags/etl.py
[2025-11-26T01:35:14.028+0000] {processor.py:840} INFO - DAG(s) 'etl_adworks_simplificado' retrieved from /opt/airflow/dags/etl.py
[2025-11-26T01:35:14.083+0000] {logging_mixin.py:188} INFO - [2025-11-26T01:35:14.081+0000] {dag.py:3096} INFO - Sync 1 DAGs
[2025-11-26T01:35:14.102+0000] {logging_mixin.py:188} INFO - [2025-11-26T01:35:14.102+0000] {dag.py:3954} INFO - Setting next_dagrun for etl_adworks_simplificado to None, run_after=None
[2025-11-26T01:35:14.146+0000] {processor.py:183} INFO - Processing /opt/airflow/dags/etl.py took 1.201 seconds
[2025-11-26T01:35:44.599+0000] {processor.py:161} INFO - Started process (PID=514) to work on /opt/airflow/dags/etl.py
[2025-11-26T01:35:45.145+0000] {processor.py:830} INFO - Processing file /opt/airflow/dags/etl.py for tasks to queue
[2025-11-26T01:35:45.151+0000] {logging_mixin.py:188} INFO - [2025-11-26T01:35:45.150+0000] {dagbag.py:540} INFO - Filling up the DagBag from /opt/airflow/dags/etl.py
[2025-11-26T01:35:46.256+0000] {processor.py:840} INFO - DAG(s) 'etl_adworks_simplificado' retrieved from /opt/airflow/dags/etl.py
[2025-11-26T01:35:46.315+0000] {logging_mixin.py:188} INFO - [2025-11-26T01:35:46.313+0000] {dag.py:3096} INFO - Sync 1 DAGs
[2025-11-26T01:35:46.338+0000] {logging_mixin.py:188} INFO - [2025-11-26T01:35:46.338+0000] {dag.py:3954} INFO - Setting next_dagrun for etl_adworks_simplificado to None, run_after=None
[2025-11-26T01:35:46.388+0000] {processor.py:183} INFO - Processing /opt/airflow/dags/etl.py took 1.804 seconds
[2025-11-26T01:36:16.885+0000] {processor.py:161} INFO - Started process (PID=525) to work on /opt/airflow/dags/etl.py
[2025-11-26T01:36:16.888+0000] {processor.py:830} INFO - Processing file /opt/airflow/dags/etl.py for tasks to queue
[2025-11-26T01:36:16.894+0000] {logging_mixin.py:188} INFO - [2025-11-26T01:36:16.893+0000] {dagbag.py:540} INFO - Filling up the DagBag from /opt/airflow/dags/etl.py
[2025-11-26T01:36:17.922+0000] {processor.py:840} INFO - DAG(s) 'etl_adworks_simplificado' retrieved from /opt/airflow/dags/etl.py
[2025-11-26T01:36:17.979+0000] {logging_mixin.py:188} INFO - [2025-11-26T01:36:17.974+0000] {dag.py:3096} INFO - Sync 1 DAGs
[2025-11-26T01:36:18.005+0000] {logging_mixin.py:188} INFO - [2025-11-26T01:36:18.005+0000] {dag.py:3954} INFO - Setting next_dagrun for etl_adworks_simplificado to None, run_after=None
[2025-11-26T01:36:18.054+0000] {processor.py:183} INFO - Processing /opt/airflow/dags/etl.py took 1.188 seconds
[2025-11-26T01:36:51.278+0000] {processor.py:161} INFO - Started process (PID=537) to work on /opt/airflow/dags/etl.py
[2025-11-26T01:36:51.280+0000] {processor.py:830} INFO - Processing file /opt/airflow/dags/etl.py for tasks to queue
[2025-11-26T01:36:51.286+0000] {logging_mixin.py:188} INFO - [2025-11-26T01:36:51.285+0000] {dagbag.py:540} INFO - Filling up the DagBag from /opt/airflow/dags/etl.py
[2025-11-26T01:36:52.720+0000] {processor.py:840} INFO - DAG(s) 'etl_adworks_simplificado' retrieved from /opt/airflow/dags/etl.py
[2025-11-26T01:36:52.778+0000] {logging_mixin.py:188} INFO - [2025-11-26T01:36:52.777+0000] {dag.py:3096} INFO - Sync 1 DAGs
[2025-11-26T01:36:52.802+0000] {logging_mixin.py:188} INFO - [2025-11-26T01:36:52.802+0000] {dag.py:3954} INFO - Setting next_dagrun for etl_adworks_simplificado to None, run_after=None
[2025-11-26T01:36:52.867+0000] {processor.py:183} INFO - Processing /opt/airflow/dags/etl.py took 1.619 seconds
[2025-11-26T01:37:23.344+0000] {processor.py:161} INFO - Started process (PID=565) to work on /opt/airflow/dags/etl.py
[2025-11-26T01:37:23.347+0000] {processor.py:830} INFO - Processing file /opt/airflow/dags/etl.py for tasks to queue
[2025-11-26T01:37:23.351+0000] {logging_mixin.py:188} INFO - [2025-11-26T01:37:23.351+0000] {dagbag.py:540} INFO - Filling up the DagBag from /opt/airflow/dags/etl.py
[2025-11-26T01:37:24.244+0000] {processor.py:840} INFO - DAG(s) 'etl_adworks_simplificado' retrieved from /opt/airflow/dags/etl.py
[2025-11-26T01:37:24.288+0000] {logging_mixin.py:188} INFO - [2025-11-26T01:37:24.287+0000] {dag.py:3096} INFO - Sync 1 DAGs
[2025-11-26T01:37:24.308+0000] {logging_mixin.py:188} INFO - [2025-11-26T01:37:24.307+0000] {dag.py:3954} INFO - Setting next_dagrun for etl_adworks_simplificado to None, run_after=None
[2025-11-26T01:37:24.343+0000] {processor.py:183} INFO - Processing /opt/airflow/dags/etl.py took 1.014 seconds
[2025-11-26T01:37:54.637+0000] {processor.py:161} INFO - Started process (PID=576) to work on /opt/airflow/dags/etl.py
[2025-11-26T01:37:54.640+0000] {processor.py:830} INFO - Processing file /opt/airflow/dags/etl.py for tasks to queue
[2025-11-26T01:37:54.644+0000] {logging_mixin.py:188} INFO - [2025-11-26T01:37:54.644+0000] {dagbag.py:540} INFO - Filling up the DagBag from /opt/airflow/dags/etl.py
[2025-11-26T01:37:55.550+0000] {processor.py:840} INFO - DAG(s) 'etl_adworks_simplificado' retrieved from /opt/airflow/dags/etl.py
[2025-11-26T01:37:55.597+0000] {logging_mixin.py:188} INFO - [2025-11-26T01:37:55.596+0000] {dag.py:3096} INFO - Sync 1 DAGs
[2025-11-26T01:37:55.620+0000] {logging_mixin.py:188} INFO - [2025-11-26T01:37:55.620+0000] {dag.py:3954} INFO - Setting next_dagrun for etl_adworks_simplificado to None, run_after=None
[2025-11-26T01:37:55.658+0000] {processor.py:183} INFO - Processing /opt/airflow/dags/etl.py took 1.035 seconds
[2025-11-26T01:38:26.064+0000] {processor.py:161} INFO - Started process (PID=605) to work on /opt/airflow/dags/etl.py
[2025-11-26T01:38:26.066+0000] {processor.py:830} INFO - Processing file /opt/airflow/dags/etl.py for tasks to queue
[2025-11-26T01:38:26.072+0000] {logging_mixin.py:188} INFO - [2025-11-26T01:38:26.071+0000] {dagbag.py:540} INFO - Filling up the DagBag from /opt/airflow/dags/etl.py
[2025-11-26T01:38:27.021+0000] {processor.py:840} INFO - DAG(s) 'etl_adworks_simplificado' retrieved from /opt/airflow/dags/etl.py
[2025-11-26T01:38:27.069+0000] {logging_mixin.py:188} INFO - [2025-11-26T01:38:27.066+0000] {dag.py:3096} INFO - Sync 1 DAGs
[2025-11-26T01:38:27.088+0000] {logging_mixin.py:188} INFO - [2025-11-26T01:38:27.088+0000] {dag.py:3954} INFO - Setting next_dagrun for etl_adworks_simplificado to None, run_after=None
[2025-11-26T01:38:27.124+0000] {processor.py:183} INFO - Processing /opt/airflow/dags/etl.py took 1.074 seconds
[2025-11-26T01:38:58.157+0000] {processor.py:161} INFO - Started process (PID=634) to work on /opt/airflow/dags/etl.py
[2025-11-26T01:38:58.160+0000] {processor.py:830} INFO - Processing file /opt/airflow/dags/etl.py for tasks to queue
[2025-11-26T01:38:58.166+0000] {logging_mixin.py:188} INFO - [2025-11-26T01:38:58.165+0000] {dagbag.py:540} INFO - Filling up the DagBag from /opt/airflow/dags/etl.py
[2025-11-26T01:38:59.098+0000] {processor.py:840} INFO - DAG(s) 'etl_adworks_simplificado' retrieved from /opt/airflow/dags/etl.py
[2025-11-26T01:38:59.145+0000] {logging_mixin.py:188} INFO - [2025-11-26T01:38:59.144+0000] {dag.py:3096} INFO - Sync 1 DAGs
[2025-11-26T01:38:59.170+0000] {logging_mixin.py:188} INFO - [2025-11-26T01:38:59.169+0000] {dag.py:3954} INFO - Setting next_dagrun for etl_adworks_simplificado to None, run_after=None
[2025-11-26T01:38:59.211+0000] {processor.py:183} INFO - Processing /opt/airflow/dags/etl.py took 1.071 seconds
[2025-11-26T01:39:29.559+0000] {processor.py:161} INFO - Started process (PID=663) to work on /opt/airflow/dags/etl.py
[2025-11-26T01:39:29.562+0000] {processor.py:830} INFO - Processing file /opt/airflow/dags/etl.py for tasks to queue
[2025-11-26T01:39:29.566+0000] {logging_mixin.py:188} INFO - [2025-11-26T01:39:29.565+0000] {dagbag.py:540} INFO - Filling up the DagBag from /opt/airflow/dags/etl.py
[2025-11-26T01:39:30.489+0000] {processor.py:840} INFO - DAG(s) 'etl_adworks_simplificado' retrieved from /opt/airflow/dags/etl.py
[2025-11-26T01:39:30.537+0000] {logging_mixin.py:188} INFO - [2025-11-26T01:39:30.536+0000] {dag.py:3096} INFO - Sync 1 DAGs
[2025-11-26T01:39:30.560+0000] {logging_mixin.py:188} INFO - [2025-11-26T01:39:30.559+0000] {dag.py:3954} INFO - Setting next_dagrun for etl_adworks_simplificado to None, run_after=None
[2025-11-26T01:39:30.593+0000] {processor.py:183} INFO - Processing /opt/airflow/dags/etl.py took 1.049 seconds
[2025-11-26T01:40:03.167+0000] {processor.py:161} INFO - Started process (PID=692) to work on /opt/airflow/dags/etl.py
[2025-11-26T01:40:03.170+0000] {processor.py:830} INFO - Processing file /opt/airflow/dags/etl.py for tasks to queue
[2025-11-26T01:40:03.176+0000] {logging_mixin.py:188} INFO - [2025-11-26T01:40:03.175+0000] {dagbag.py:540} INFO - Filling up the DagBag from /opt/airflow/dags/etl.py
[2025-11-26T01:40:04.310+0000] {processor.py:840} INFO - DAG(s) 'etl_adworks_simplificado' retrieved from /opt/airflow/dags/etl.py
[2025-11-26T01:40:04.357+0000] {logging_mixin.py:188} INFO - [2025-11-26T01:40:04.356+0000] {dag.py:3096} INFO - Sync 1 DAGs
[2025-11-26T01:40:04.378+0000] {logging_mixin.py:188} INFO - [2025-11-26T01:40:04.377+0000] {dag.py:3954} INFO - Setting next_dagrun for etl_adworks_simplificado to None, run_after=None
[2025-11-26T01:40:04.422+0000] {processor.py:183} INFO - Processing /opt/airflow/dags/etl.py took 1.270 seconds
[2025-11-26T01:40:35.558+0000] {processor.py:161} INFO - Started process (PID=703) to work on /opt/airflow/dags/etl.py
[2025-11-26T01:40:35.562+0000] {processor.py:830} INFO - Processing file /opt/airflow/dags/etl.py for tasks to queue
[2025-11-26T01:40:35.568+0000] {logging_mixin.py:188} INFO - [2025-11-26T01:40:35.567+0000] {dagbag.py:540} INFO - Filling up the DagBag from /opt/airflow/dags/etl.py
[2025-11-26T01:40:36.564+0000] {processor.py:840} INFO - DAG(s) 'etl_adworks_simplificado' retrieved from /opt/airflow/dags/etl.py
[2025-11-26T01:40:36.616+0000] {logging_mixin.py:188} INFO - [2025-11-26T01:40:36.613+0000] {dag.py:3096} INFO - Sync 1 DAGs
[2025-11-26T01:40:36.636+0000] {logging_mixin.py:188} INFO - [2025-11-26T01:40:36.636+0000] {dag.py:3954} INFO - Setting next_dagrun for etl_adworks_simplificado to None, run_after=None
[2025-11-26T01:40:36.675+0000] {processor.py:183} INFO - Processing /opt/airflow/dags/etl.py took 1.145 seconds
[2025-11-26T01:41:06.935+0000] {processor.py:161} INFO - Started process (PID=733) to work on /opt/airflow/dags/etl.py
[2025-11-26T01:41:06.938+0000] {processor.py:830} INFO - Processing file /opt/airflow/dags/etl.py for tasks to queue
[2025-11-26T01:41:06.942+0000] {logging_mixin.py:188} INFO - [2025-11-26T01:41:06.941+0000] {dagbag.py:540} INFO - Filling up the DagBag from /opt/airflow/dags/etl.py
[2025-11-26T01:41:07.906+0000] {processor.py:840} INFO - DAG(s) 'etl_adworks_simplificado' retrieved from /opt/airflow/dags/etl.py
[2025-11-26T01:41:07.958+0000] {logging_mixin.py:188} INFO - [2025-11-26T01:41:07.957+0000] {dag.py:3096} INFO - Sync 1 DAGs
[2025-11-26T01:41:07.977+0000] {logging_mixin.py:188} INFO - [2025-11-26T01:41:07.977+0000] {dag.py:3954} INFO - Setting next_dagrun for etl_adworks_simplificado to None, run_after=None
[2025-11-26T01:41:08.016+0000] {processor.py:183} INFO - Processing /opt/airflow/dags/etl.py took 1.095 seconds
[2025-11-26T01:41:39.253+0000] {processor.py:161} INFO - Started process (PID=761) to work on /opt/airflow/dags/etl.py
[2025-11-26T01:41:39.255+0000] {processor.py:830} INFO - Processing file /opt/airflow/dags/etl.py for tasks to queue
[2025-11-26T01:41:39.260+0000] {logging_mixin.py:188} INFO - [2025-11-26T01:41:39.259+0000] {dagbag.py:540} INFO - Filling up the DagBag from /opt/airflow/dags/etl.py
[2025-11-26T01:41:40.252+0000] {processor.py:840} INFO - DAG(s) 'etl_adworks_simplificado' retrieved from /opt/airflow/dags/etl.py
[2025-11-26T01:41:40.322+0000] {logging_mixin.py:188} INFO - [2025-11-26T01:41:40.321+0000] {dag.py:3096} INFO - Sync 1 DAGs
[2025-11-26T01:41:40.345+0000] {logging_mixin.py:188} INFO - [2025-11-26T01:41:40.345+0000] {dag.py:3954} INFO - Setting next_dagrun for etl_adworks_simplificado to None, run_after=None
[2025-11-26T01:41:40.391+0000] {processor.py:183} INFO - Processing /opt/airflow/dags/etl.py took 1.153 seconds
[2025-11-26T01:42:10.838+0000] {processor.py:161} INFO - Started process (PID=772) to work on /opt/airflow/dags/etl.py
[2025-11-26T01:42:10.841+0000] {processor.py:830} INFO - Processing file /opt/airflow/dags/etl.py for tasks to queue
[2025-11-26T01:42:10.846+0000] {logging_mixin.py:188} INFO - [2025-11-26T01:42:10.845+0000] {dagbag.py:540} INFO - Filling up the DagBag from /opt/airflow/dags/etl.py
[2025-11-26T01:42:11.863+0000] {processor.py:840} INFO - DAG(s) 'etl_adworks_simplificado' retrieved from /opt/airflow/dags/etl.py
[2025-11-26T01:42:11.911+0000] {logging_mixin.py:188} INFO - [2025-11-26T01:42:11.911+0000] {dag.py:3096} INFO - Sync 1 DAGs
[2025-11-26T01:42:11.933+0000] {logging_mixin.py:188} INFO - [2025-11-26T01:42:11.933+0000] {dag.py:3954} INFO - Setting next_dagrun for etl_adworks_simplificado to None, run_after=None
[2025-11-26T01:42:11.982+0000] {processor.py:183} INFO - Processing /opt/airflow/dags/etl.py took 1.158 seconds
[2025-11-26T01:42:42.510+0000] {processor.py:161} INFO - Started process (PID=783) to work on /opt/airflow/dags/etl.py
[2025-11-26T01:42:42.512+0000] {processor.py:830} INFO - Processing file /opt/airflow/dags/etl.py for tasks to queue
[2025-11-26T01:42:42.517+0000] {logging_mixin.py:188} INFO - [2025-11-26T01:42:42.516+0000] {dagbag.py:540} INFO - Filling up the DagBag from /opt/airflow/dags/etl.py
[2025-11-26T01:42:43.774+0000] {processor.py:840} INFO - DAG(s) 'etl_adworks_simplificado' retrieved from /opt/airflow/dags/etl.py
[2025-11-26T01:42:43.872+0000] {logging_mixin.py:188} INFO - [2025-11-26T01:42:43.867+0000] {dag.py:3096} INFO - Sync 1 DAGs
[2025-11-26T01:42:43.899+0000] {logging_mixin.py:188} INFO - [2025-11-26T01:42:43.898+0000] {dag.py:3954} INFO - Setting next_dagrun for etl_adworks_simplificado to None, run_after=None
[2025-11-26T01:42:43.992+0000] {processor.py:183} INFO - Processing /opt/airflow/dags/etl.py took 1.499 seconds
[2025-11-26T01:43:14.701+0000] {processor.py:161} INFO - Started process (PID=794) to work on /opt/airflow/dags/etl.py
[2025-11-26T01:43:14.704+0000] {processor.py:830} INFO - Processing file /opt/airflow/dags/etl.py for tasks to queue
[2025-11-26T01:43:14.709+0000] {logging_mixin.py:188} INFO - [2025-11-26T01:43:14.708+0000] {dagbag.py:540} INFO - Filling up the DagBag from /opt/airflow/dags/etl.py
[2025-11-26T01:43:15.729+0000] {processor.py:840} INFO - DAG(s) 'etl_adworks_simplificado' retrieved from /opt/airflow/dags/etl.py
[2025-11-26T01:43:15.778+0000] {logging_mixin.py:188} INFO - [2025-11-26T01:43:15.777+0000] {dag.py:3096} INFO - Sync 1 DAGs
[2025-11-26T01:43:15.801+0000] {logging_mixin.py:188} INFO - [2025-11-26T01:43:15.801+0000] {dag.py:3954} INFO - Setting next_dagrun for etl_adworks_simplificado to None, run_after=None
[2025-11-26T01:43:15.840+0000] {processor.py:183} INFO - Processing /opt/airflow/dags/etl.py took 1.152 seconds
[2025-11-26T01:43:46.301+0000] {processor.py:161} INFO - Started process (PID=805) to work on /opt/airflow/dags/etl.py
[2025-11-26T01:43:46.305+0000] {processor.py:830} INFO - Processing file /opt/airflow/dags/etl.py for tasks to queue
[2025-11-26T01:43:46.311+0000] {logging_mixin.py:188} INFO - [2025-11-26T01:43:46.310+0000] {dagbag.py:540} INFO - Filling up the DagBag from /opt/airflow/dags/etl.py
[2025-11-26T01:43:47.359+0000] {processor.py:840} INFO - DAG(s) 'etl_adworks_simplificado' retrieved from /opt/airflow/dags/etl.py
[2025-11-26T01:43:47.407+0000] {logging_mixin.py:188} INFO - [2025-11-26T01:43:47.406+0000] {dag.py:3096} INFO - Sync 1 DAGs
[2025-11-26T01:43:47.429+0000] {logging_mixin.py:188} INFO - [2025-11-26T01:43:47.428+0000] {dag.py:3954} INFO - Setting next_dagrun for etl_adworks_simplificado to None, run_after=None
[2025-11-26T01:43:47.462+0000] {processor.py:183} INFO - Processing /opt/airflow/dags/etl.py took 1.176 seconds
[2025-11-26T01:44:18.040+0000] {processor.py:161} INFO - Started process (PID=816) to work on /opt/airflow/dags/etl.py
[2025-11-26T01:44:18.043+0000] {processor.py:830} INFO - Processing file /opt/airflow/dags/etl.py for tasks to queue
[2025-11-26T01:44:18.048+0000] {logging_mixin.py:188} INFO - [2025-11-26T01:44:18.047+0000] {dagbag.py:540} INFO - Filling up the DagBag from /opt/airflow/dags/etl.py
[2025-11-26T01:44:19.233+0000] {processor.py:840} INFO - DAG(s) 'etl_adworks_simplificado' retrieved from /opt/airflow/dags/etl.py
[2025-11-26T01:44:19.280+0000] {logging_mixin.py:188} INFO - [2025-11-26T01:44:19.279+0000] {dag.py:3096} INFO - Sync 1 DAGs
[2025-11-26T01:44:19.300+0000] {logging_mixin.py:188} INFO - [2025-11-26T01:44:19.300+0000] {dag.py:3954} INFO - Setting next_dagrun for etl_adworks_simplificado to None, run_after=None
[2025-11-26T01:44:19.340+0000] {processor.py:183} INFO - Processing /opt/airflow/dags/etl.py took 1.318 seconds
[2025-11-26T01:44:49.529+0000] {processor.py:161} INFO - Started process (PID=827) to work on /opt/airflow/dags/etl.py
[2025-11-26T01:44:49.531+0000] {processor.py:830} INFO - Processing file /opt/airflow/dags/etl.py for tasks to queue
[2025-11-26T01:44:49.536+0000] {logging_mixin.py:188} INFO - [2025-11-26T01:44:49.535+0000] {dagbag.py:540} INFO - Filling up the DagBag from /opt/airflow/dags/etl.py
[2025-11-26T01:44:50.484+0000] {processor.py:840} INFO - DAG(s) 'etl_adworks_simplificado' retrieved from /opt/airflow/dags/etl.py
[2025-11-26T01:44:50.532+0000] {logging_mixin.py:188} INFO - [2025-11-26T01:44:50.529+0000] {dag.py:3096} INFO - Sync 1 DAGs
[2025-11-26T01:44:50.551+0000] {logging_mixin.py:188} INFO - [2025-11-26T01:44:50.550+0000] {dag.py:3954} INFO - Setting next_dagrun for etl_adworks_simplificado to None, run_after=None
[2025-11-26T01:44:50.587+0000] {processor.py:183} INFO - Processing /opt/airflow/dags/etl.py took 1.072 seconds
[2025-11-26T01:45:20.764+0000] {processor.py:161} INFO - Started process (PID=838) to work on /opt/airflow/dags/etl.py
[2025-11-26T01:45:20.766+0000] {processor.py:830} INFO - Processing file /opt/airflow/dags/etl.py for tasks to queue
[2025-11-26T01:45:20.771+0000] {logging_mixin.py:188} INFO - [2025-11-26T01:45:20.770+0000] {dagbag.py:540} INFO - Filling up the DagBag from /opt/airflow/dags/etl.py
[2025-11-26T01:45:21.778+0000] {processor.py:840} INFO - DAG(s) 'etl_adworks_simplificado' retrieved from /opt/airflow/dags/etl.py
[2025-11-26T01:45:21.831+0000] {logging_mixin.py:188} INFO - [2025-11-26T01:45:21.830+0000] {dag.py:3096} INFO - Sync 1 DAGs
[2025-11-26T01:45:21.853+0000] {logging_mixin.py:188} INFO - [2025-11-26T01:45:21.852+0000] {dag.py:3954} INFO - Setting next_dagrun for etl_adworks_simplificado to None, run_after=None
[2025-11-26T01:45:21.897+0000] {processor.py:183} INFO - Processing /opt/airflow/dags/etl.py took 1.147 seconds
[2025-11-26T01:45:52.151+0000] {processor.py:161} INFO - Started process (PID=849) to work on /opt/airflow/dags/etl.py
[2025-11-26T01:45:52.154+0000] {processor.py:830} INFO - Processing file /opt/airflow/dags/etl.py for tasks to queue
[2025-11-26T01:45:52.160+0000] {logging_mixin.py:188} INFO - [2025-11-26T01:45:52.159+0000] {dagbag.py:540} INFO - Filling up the DagBag from /opt/airflow/dags/etl.py
[2025-11-26T01:45:53.106+0000] {processor.py:840} INFO - DAG(s) 'etl_adworks_simplificado' retrieved from /opt/airflow/dags/etl.py
[2025-11-26T01:45:53.160+0000] {logging_mixin.py:188} INFO - [2025-11-26T01:45:53.159+0000] {dag.py:3096} INFO - Sync 1 DAGs
[2025-11-26T01:45:53.183+0000] {logging_mixin.py:188} INFO - [2025-11-26T01:45:53.183+0000] {dag.py:3954} INFO - Setting next_dagrun for etl_adworks_simplificado to None, run_after=None
[2025-11-26T01:45:53.224+0000] {processor.py:183} INFO - Processing /opt/airflow/dags/etl.py took 1.090 seconds
[2025-11-26T01:46:23.424+0000] {processor.py:161} INFO - Started process (PID=860) to work on /opt/airflow/dags/etl.py
[2025-11-26T01:46:23.427+0000] {processor.py:830} INFO - Processing file /opt/airflow/dags/etl.py for tasks to queue
[2025-11-26T01:46:23.434+0000] {logging_mixin.py:188} INFO - [2025-11-26T01:46:23.433+0000] {dagbag.py:540} INFO - Filling up the DagBag from /opt/airflow/dags/etl.py
[2025-11-26T01:46:24.392+0000] {processor.py:840} INFO - DAG(s) 'etl_adworks_simplificado' retrieved from /opt/airflow/dags/etl.py
[2025-11-26T01:46:24.440+0000] {logging_mixin.py:188} INFO - [2025-11-26T01:46:24.439+0000] {dag.py:3096} INFO - Sync 1 DAGs
[2025-11-26T01:46:24.460+0000] {logging_mixin.py:188} INFO - [2025-11-26T01:46:24.460+0000] {dag.py:3954} INFO - Setting next_dagrun for etl_adworks_simplificado to None, run_after=None
[2025-11-26T01:46:24.500+0000] {processor.py:183} INFO - Processing /opt/airflow/dags/etl.py took 1.096 seconds
[2025-11-26T01:46:54.816+0000] {processor.py:161} INFO - Started process (PID=871) to work on /opt/airflow/dags/etl.py
[2025-11-26T01:46:54.818+0000] {processor.py:830} INFO - Processing file /opt/airflow/dags/etl.py for tasks to queue
[2025-11-26T01:46:54.822+0000] {logging_mixin.py:188} INFO - [2025-11-26T01:46:54.822+0000] {dagbag.py:540} INFO - Filling up the DagBag from /opt/airflow/dags/etl.py
[2025-11-26T01:46:55.850+0000] {processor.py:840} INFO - DAG(s) 'etl_adworks_simplificado' retrieved from /opt/airflow/dags/etl.py
[2025-11-26T01:46:55.906+0000] {logging_mixin.py:188} INFO - [2025-11-26T01:46:55.902+0000] {dag.py:3096} INFO - Sync 1 DAGs
[2025-11-26T01:46:55.926+0000] {logging_mixin.py:188} INFO - [2025-11-26T01:46:55.926+0000] {dag.py:3954} INFO - Setting next_dagrun for etl_adworks_simplificado to None, run_after=None
[2025-11-26T01:46:55.967+0000] {processor.py:183} INFO - Processing /opt/airflow/dags/etl.py took 1.166 seconds
[2025-11-26T01:48:34.175+0000] {processor.py:161} INFO - Started process (PID=59) to work on /opt/airflow/dags/etl.py
[2025-11-26T01:48:34.178+0000] {processor.py:830} INFO - Processing file /opt/airflow/dags/etl.py for tasks to queue
[2025-11-26T01:48:34.184+0000] {logging_mixin.py:188} INFO - [2025-11-26T01:48:34.183+0000] {dagbag.py:540} INFO - Filling up the DagBag from /opt/airflow/dags/etl.py
[2025-11-26T01:48:34.906+0000] {processor.py:840} INFO - DAG(s) 'etl_adworks_simplificado' retrieved from /opt/airflow/dags/etl.py
[2025-11-26T01:48:34.934+0000] {logging_mixin.py:188} INFO - [2025-11-26T01:48:34.933+0000] {dag.py:3096} INFO - Sync 1 DAGs
[2025-11-26T01:48:34.962+0000] {logging_mixin.py:188} INFO - [2025-11-26T01:48:34.962+0000] {dag.py:3954} INFO - Setting next_dagrun for etl_adworks_simplificado to None, run_after=None
[2025-11-26T01:48:35.006+0000] {processor.py:183} INFO - Processing /opt/airflow/dags/etl.py took 0.848 seconds
[2025-11-26T01:49:07.340+0000] {processor.py:161} INFO - Started process (PID=70) to work on /opt/airflow/dags/etl.py
[2025-11-26T01:49:07.343+0000] {processor.py:830} INFO - Processing file /opt/airflow/dags/etl.py for tasks to queue
[2025-11-26T01:49:07.348+0000] {logging_mixin.py:188} INFO - [2025-11-26T01:49:07.347+0000] {dagbag.py:540} INFO - Filling up the DagBag from /opt/airflow/dags/etl.py
[2025-11-26T01:49:08.174+0000] {processor.py:840} INFO - DAG(s) 'etl_adworks_simplificado' retrieved from /opt/airflow/dags/etl.py
[2025-11-26T01:49:08.685+0000] {logging_mixin.py:188} INFO - [2025-11-26T01:49:08.684+0000] {dag.py:3096} INFO - Sync 1 DAGs
[2025-11-26T01:49:08.705+0000] {logging_mixin.py:188} INFO - [2025-11-26T01:49:08.704+0000] {dag.py:3954} INFO - Setting next_dagrun for etl_adworks_simplificado to None, run_after=None
[2025-11-26T01:49:08.749+0000] {processor.py:183} INFO - Processing /opt/airflow/dags/etl.py took 1.424 seconds
[2025-11-26T01:49:39.521+0000] {processor.py:161} INFO - Started process (PID=81) to work on /opt/airflow/dags/etl.py
[2025-11-26T01:49:39.524+0000] {processor.py:830} INFO - Processing file /opt/airflow/dags/etl.py for tasks to queue
[2025-11-26T01:49:39.529+0000] {logging_mixin.py:188} INFO - [2025-11-26T01:49:39.528+0000] {dagbag.py:540} INFO - Filling up the DagBag from /opt/airflow/dags/etl.py
[2025-11-26T01:49:40.353+0000] {processor.py:840} INFO - DAG(s) 'etl_adworks_simplificado' retrieved from /opt/airflow/dags/etl.py
[2025-11-26T01:49:40.416+0000] {logging_mixin.py:188} INFO - [2025-11-26T01:49:40.413+0000] {dag.py:3096} INFO - Sync 1 DAGs
[2025-11-26T01:49:40.708+0000] {logging_mixin.py:188} INFO - [2025-11-26T01:49:40.708+0000] {dag.py:3954} INFO - Setting next_dagrun for etl_adworks_simplificado to None, run_after=None
[2025-11-26T01:49:40.752+0000] {processor.py:183} INFO - Processing /opt/airflow/dags/etl.py took 1.245 seconds
[2025-11-26T01:50:11.225+0000] {processor.py:161} INFO - Started process (PID=110) to work on /opt/airflow/dags/etl.py
[2025-11-26T01:50:11.228+0000] {processor.py:830} INFO - Processing file /opt/airflow/dags/etl.py for tasks to queue
[2025-11-26T01:50:11.233+0000] {logging_mixin.py:188} INFO - [2025-11-26T01:50:11.232+0000] {dagbag.py:540} INFO - Filling up the DagBag from /opt/airflow/dags/etl.py
[2025-11-26T01:50:11.948+0000] {processor.py:840} INFO - DAG(s) 'etl_adworks_simplificado' retrieved from /opt/airflow/dags/etl.py
[2025-11-26T01:50:12.274+0000] {logging_mixin.py:188} INFO - [2025-11-26T01:50:12.273+0000] {dag.py:3096} INFO - Sync 1 DAGs
[2025-11-26T01:50:12.295+0000] {logging_mixin.py:188} INFO - [2025-11-26T01:50:12.294+0000] {dag.py:3954} INFO - Setting next_dagrun for etl_adworks_simplificado to None, run_after=None
[2025-11-26T01:50:12.334+0000] {processor.py:183} INFO - Processing /opt/airflow/dags/etl.py took 1.127 seconds
[2025-11-26T01:50:42.953+0000] {processor.py:161} INFO - Started process (PID=121) to work on /opt/airflow/dags/etl.py
[2025-11-26T01:50:42.956+0000] {processor.py:830} INFO - Processing file /opt/airflow/dags/etl.py for tasks to queue
[2025-11-26T01:50:42.961+0000] {logging_mixin.py:188} INFO - [2025-11-26T01:50:42.960+0000] {dagbag.py:540} INFO - Filling up the DagBag from /opt/airflow/dags/etl.py
[2025-11-26T01:50:44.055+0000] {processor.py:840} INFO - DAG(s) 'etl_adworks_simplificado' retrieved from /opt/airflow/dags/etl.py
[2025-11-26T01:50:44.170+0000] {logging_mixin.py:188} INFO - [2025-11-26T01:50:44.169+0000] {dag.py:3096} INFO - Sync 1 DAGs
[2025-11-26T01:50:44.191+0000] {logging_mixin.py:188} INFO - [2025-11-26T01:50:44.190+0000] {dag.py:3954} INFO - Setting next_dagrun for etl_adworks_simplificado to None, run_after=None
[2025-11-26T01:50:44.311+0000] {processor.py:183} INFO - Processing /opt/airflow/dags/etl.py took 1.373 seconds
[2025-11-26T01:51:15.047+0000] {processor.py:161} INFO - Started process (PID=132) to work on /opt/airflow/dags/etl.py
[2025-11-26T01:51:15.050+0000] {processor.py:830} INFO - Processing file /opt/airflow/dags/etl.py for tasks to queue
[2025-11-26T01:51:15.055+0000] {logging_mixin.py:188} INFO - [2025-11-26T01:51:15.054+0000] {dagbag.py:540} INFO - Filling up the DagBag from /opt/airflow/dags/etl.py
[2025-11-26T01:51:16.019+0000] {processor.py:840} INFO - DAG(s) 'etl_adworks_simplificado' retrieved from /opt/airflow/dags/etl.py
[2025-11-26T01:51:16.078+0000] {logging_mixin.py:188} INFO - [2025-11-26T01:51:16.077+0000] {dag.py:3096} INFO - Sync 1 DAGs
[2025-11-26T01:51:16.105+0000] {logging_mixin.py:188} INFO - [2025-11-26T01:51:16.104+0000] {dag.py:3954} INFO - Setting next_dagrun for etl_adworks_simplificado to None, run_after=None
[2025-11-26T01:51:16.144+0000] {processor.py:183} INFO - Processing /opt/airflow/dags/etl.py took 1.112 seconds
[2025-11-26T01:51:46.786+0000] {processor.py:161} INFO - Started process (PID=143) to work on /opt/airflow/dags/etl.py
[2025-11-26T01:51:46.789+0000] {processor.py:830} INFO - Processing file /opt/airflow/dags/etl.py for tasks to queue
[2025-11-26T01:51:46.797+0000] {logging_mixin.py:188} INFO - [2025-11-26T01:51:46.796+0000] {dagbag.py:540} INFO - Filling up the DagBag from /opt/airflow/dags/etl.py
[2025-11-26T01:51:47.943+0000] {processor.py:840} INFO - DAG(s) 'etl_adworks_simplificado' retrieved from /opt/airflow/dags/etl.py
[2025-11-26T01:51:47.991+0000] {logging_mixin.py:188} INFO - [2025-11-26T01:51:47.991+0000] {dag.py:3096} INFO - Sync 1 DAGs
[2025-11-26T01:51:48.017+0000] {logging_mixin.py:188} INFO - [2025-11-26T01:51:48.016+0000] {dag.py:3954} INFO - Setting next_dagrun for etl_adworks_simplificado to None, run_after=None
[2025-11-26T01:51:48.057+0000] {processor.py:183} INFO - Processing /opt/airflow/dags/etl.py took 1.294 seconds
[2025-11-26T01:52:18.570+0000] {processor.py:161} INFO - Started process (PID=154) to work on /opt/airflow/dags/etl.py
[2025-11-26T01:52:18.573+0000] {processor.py:830} INFO - Processing file /opt/airflow/dags/etl.py for tasks to queue
[2025-11-26T01:52:18.577+0000] {logging_mixin.py:188} INFO - [2025-11-26T01:52:18.577+0000] {dagbag.py:540} INFO - Filling up the DagBag from /opt/airflow/dags/etl.py
[2025-11-26T01:52:19.578+0000] {processor.py:840} INFO - DAG(s) 'etl_adworks_simplificado' retrieved from /opt/airflow/dags/etl.py
[2025-11-26T01:52:19.630+0000] {logging_mixin.py:188} INFO - [2025-11-26T01:52:19.629+0000] {dag.py:3096} INFO - Sync 1 DAGs
[2025-11-26T01:52:19.650+0000] {logging_mixin.py:188} INFO - [2025-11-26T01:52:19.650+0000] {dag.py:3954} INFO - Setting next_dagrun for etl_adworks_simplificado to None, run_after=None
[2025-11-26T01:52:19.688+0000] {processor.py:183} INFO - Processing /opt/airflow/dags/etl.py took 1.132 seconds
