[2025-11-26T01:49:52.149+0000] {local_task_job_runner.py:120} INFO - ::group::Pre task execution logs
[2025-11-26T01:49:52.217+0000] {taskinstance.py:2073} INFO - Dependencies all met for dep_context=non-requeueable deps ti=<TaskInstance: etl_dimproduto.run_etl_dimproduto manual__2025-11-26T01:49:43.823772+00:00 [queued]>
[2025-11-26T01:49:52.237+0000] {taskinstance.py:2073} INFO - Dependencies all met for dep_context=requeueable deps ti=<TaskInstance: etl_dimproduto.run_etl_dimproduto manual__2025-11-26T01:49:43.823772+00:00 [queued]>
[2025-11-26T01:49:52.239+0000] {taskinstance.py:2303} INFO - Starting attempt 1 of 1
[2025-11-26T01:49:52.265+0000] {taskinstance.py:2327} INFO - Executing <Task(PythonOperator): run_etl_dimproduto> on 2025-11-26 01:49:43.823772+00:00
[2025-11-26T01:49:52.304+0000] {logging_mixin.py:188} WARNING - /home/***/.local/lib/python3.12/site-packages/***/task/task_runner/standard_task_runner.py:61 DeprecationWarning: This process (pid=83) is multi-threaded, use of fork() may lead to deadlocks in the child.
[2025-11-26T01:49:52.295+0000] {standard_task_runner.py:90} INFO - Running: ['***', 'tasks', 'run', 'etl_dimproduto', 'run_etl_dimproduto', 'manual__2025-11-26T01:49:43.823772+00:00', '--job-id', '30', '--raw', '--subdir', 'DAGS_FOLDER/etl_dimproduto.py', '--cfg-path', '/tmp/tmph1q9mef7']
[2025-11-26T01:49:52.309+0000] {standard_task_runner.py:91} INFO - Job 30: Subtask run_etl_dimproduto
[2025-11-26T01:49:52.308+0000] {standard_task_runner.py:63} INFO - Started process 100 to run task
[2025-11-26T01:49:52.608+0000] {task_command.py:426} INFO - Running <TaskInstance: etl_dimproduto.run_etl_dimproduto manual__2025-11-26T01:49:43.823772+00:00 [running]> on host f40a5622643e
[2025-11-26T01:49:52.837+0000] {taskinstance.py:2644} INFO - Exporting env vars: AIRFLOW_CTX_DAG_OWNER='***' AIRFLOW_CTX_DAG_ID='etl_dimproduto' AIRFLOW_CTX_TASK_ID='run_etl_dimproduto' AIRFLOW_CTX_EXECUTION_DATE='2025-11-26T01:49:43.823772+00:00' AIRFLOW_CTX_TRY_NUMBER='1' AIRFLOW_CTX_DAG_RUN_ID='manual__2025-11-26T01:49:43.823772+00:00'
[2025-11-26T01:49:52.840+0000] {taskinstance.py:430} INFO - ::endgroup::
[2025-11-26T01:49:52.925+0000] {taskinstance.py:441} INFO - ::group::Post task execution logs
[2025-11-26T01:49:52.926+0000] {taskinstance.py:2890} ERROR - Task failed with exception
Traceback (most recent call last):
  File "/home/airflow/.local/lib/python3.12/site-packages/airflow/models/taskinstance.py", line 465, in _execute_task
    result = _execute_callable(context=context, **execute_callable_kwargs)
             ^^^^^^^^^^^^^^^^^^^^^^^^^^^^^^^^^^^^^^^^^^^^^^^^^^^^^^^^^^^^^
  File "/home/airflow/.local/lib/python3.12/site-packages/airflow/models/taskinstance.py", line 432, in _execute_callable
    return execute_callable(context=context, **execute_callable_kwargs)
           ^^^^^^^^^^^^^^^^^^^^^^^^^^^^^^^^^^^^^^^^^^^^^^^^^^^^^^^^^^^^
  File "/home/airflow/.local/lib/python3.12/site-packages/airflow/models/baseoperator.py", line 400, in wrapper
    return func(self, *args, **kwargs)
           ^^^^^^^^^^^^^^^^^^^^^^^^^^^
  File "/home/airflow/.local/lib/python3.12/site-packages/airflow/operators/python.py", line 235, in execute
    return_value = self.execute_callable()
                   ^^^^^^^^^^^^^^^^^^^^^^^
  File "/home/airflow/.local/lib/python3.12/site-packages/airflow/operators/python.py", line 252, in execute_callable
    return self.python_callable(*self.op_args, **self.op_kwargs)
           ^^^^^^^^^^^^^^^^^^^^^^^^^^^^^^^^^^^^^^^^^^^^^^^^^^^^^
  File "/opt/airflow/dags/etl_dimproduto.py", line 67, in etl_dimproduto
    product = extract_product()
              ^^^^^^^^^^^^^^^^^
  File "/opt/airflow/dags/etl_dimproduto.py", line 17, in extract_product
    product = pd.read_csv(
              ^^^^^^^^^^^^
  File "/home/airflow/.local/lib/python3.12/site-packages/pandas/io/parsers/readers.py", line 948, in read_csv
    return _read(filepath_or_buffer, kwds)
           ^^^^^^^^^^^^^^^^^^^^^^^^^^^^^^^
  File "/home/airflow/.local/lib/python3.12/site-packages/pandas/io/parsers/readers.py", line 611, in _read
    parser = TextFileReader(filepath_or_buffer, **kwds)
             ^^^^^^^^^^^^^^^^^^^^^^^^^^^^^^^^^^^^^^^^^^
  File "/home/airflow/.local/lib/python3.12/site-packages/pandas/io/parsers/readers.py", line 1448, in __init__
    self._engine = self._make_engine(f, self.engine)
                   ^^^^^^^^^^^^^^^^^^^^^^^^^^^^^^^^^
  File "/home/airflow/.local/lib/python3.12/site-packages/pandas/io/parsers/readers.py", line 1705, in _make_engine
    self.handles = get_handle(
                   ^^^^^^^^^^^
  File "/home/airflow/.local/lib/python3.12/site-packages/pandas/io/common.py", line 863, in get_handle
    handle = open(
             ^^^^^
FileNotFoundError: [Errno 2] No such file or directory: '/opt/airflow/dags/etl/Product.csv'
[2025-11-26T01:49:52.964+0000] {taskinstance.py:1205} INFO - Marking task as FAILED. dag_id=etl_dimproduto, task_id=run_etl_dimproduto, execution_date=20251126T014943, start_date=20251126T014952, end_date=20251126T014952
[2025-11-26T01:49:52.996+0000] {standard_task_runner.py:110} ERROR - Failed to execute job 30 for task run_etl_dimproduto ([Errno 2] No such file or directory: '/opt/airflow/dags/etl/Product.csv'; 100)
[2025-11-26T01:49:53.052+0000] {local_task_job_runner.py:240} INFO - Task exited with return code 1
[2025-11-26T01:49:53.088+0000] {taskinstance.py:3482} INFO - 0 downstream tasks scheduled from follow-on schedule check
[2025-11-26T01:49:53.092+0000] {local_task_job_runner.py:222} INFO - ::endgroup::
