[2025-11-26T01:16:53.630+0000] {local_task_job_runner.py:120} INFO - ::group::Pre task execution logs
[2025-11-26T01:16:53.695+0000] {taskinstance.py:2073} INFO - Dependencies all met for dep_context=non-requeueable deps ti=<TaskInstance: etl_dimcliente.load_dimcliente manual__2025-11-26T01:16:44.800454+00:00 [queued]>
[2025-11-26T01:16:53.711+0000] {taskinstance.py:2073} INFO - Dependencies all met for dep_context=requeueable deps ti=<TaskInstance: etl_dimcliente.load_dimcliente manual__2025-11-26T01:16:44.800454+00:00 [queued]>
[2025-11-26T01:16:53.713+0000] {taskinstance.py:2303} INFO - Starting attempt 1 of 1
[2025-11-26T01:16:53.735+0000] {taskinstance.py:2327} INFO - Executing <Task(PythonOperator): load_dimcliente> on 2025-11-26 01:16:44.800454+00:00
[2025-11-26T01:16:53.767+0000] {standard_task_runner.py:90} INFO - Running: ['***', 'tasks', 'run', 'etl_dimcliente', 'load_dimcliente', 'manual__2025-11-26T01:16:44.800454+00:00', '--job-id', '20', '--raw', '--subdir', 'DAGS_FOLDER/etl_dimcliente.py', '--cfg-path', '/tmp/tmpncw3_3b0']
[2025-11-26T01:16:53.774+0000] {logging_mixin.py:188} WARNING - /home/***/.local/lib/python3.12/site-packages/***/task/task_runner/standard_task_runner.py:61 DeprecationWarning: This process (pid=83) is multi-threaded, use of fork() may lead to deadlocks in the child.
[2025-11-26T01:16:53.777+0000] {standard_task_runner.py:91} INFO - Job 20: Subtask load_dimcliente
[2025-11-26T01:16:53.777+0000] {standard_task_runner.py:63} INFO - Started process 100 to run task
[2025-11-26T01:16:53.987+0000] {task_command.py:426} INFO - Running <TaskInstance: etl_dimcliente.load_dimcliente manual__2025-11-26T01:16:44.800454+00:00 [running]> on host ed440a75a387
[2025-11-26T01:16:54.188+0000] {taskinstance.py:2644} INFO - Exporting env vars: AIRFLOW_CTX_DAG_OWNER='***' AIRFLOW_CTX_DAG_ID='etl_dimcliente' AIRFLOW_CTX_TASK_ID='load_dimcliente' AIRFLOW_CTX_EXECUTION_DATE='2025-11-26T01:16:44.800454+00:00' AIRFLOW_CTX_TRY_NUMBER='1' AIRFLOW_CTX_DAG_RUN_ID='manual__2025-11-26T01:16:44.800454+00:00'
[2025-11-26T01:16:54.191+0000] {taskinstance.py:430} INFO - ::endgroup::
[2025-11-26T01:16:54.448+0000] {taskinstance.py:441} INFO - ::group::Post task execution logs
[2025-11-26T01:16:54.449+0000] {taskinstance.py:2890} ERROR - Task failed with exception
Traceback (most recent call last):
  File "/home/airflow/.local/lib/python3.12/site-packages/airflow/models/taskinstance.py", line 465, in _execute_task
    result = _execute_callable(context=context, **execute_callable_kwargs)
             ^^^^^^^^^^^^^^^^^^^^^^^^^^^^^^^^^^^^^^^^^^^^^^^^^^^^^^^^^^^^^
  File "/home/airflow/.local/lib/python3.12/site-packages/airflow/models/taskinstance.py", line 432, in _execute_callable
    return execute_callable(context=context, **execute_callable_kwargs)
           ^^^^^^^^^^^^^^^^^^^^^^^^^^^^^^^^^^^^^^^^^^^^^^^^^^^^^^^^^^^^
  File "/home/airflow/.local/lib/python3.12/site-packages/airflow/models/baseoperator.py", line 400, in wrapper
    return func(self, *args, **kwargs)
           ^^^^^^^^^^^^^^^^^^^^^^^^^^^
  File "/home/airflow/.local/lib/python3.12/site-packages/airflow/operators/python.py", line 235, in execute
    return_value = self.execute_callable()
                   ^^^^^^^^^^^^^^^^^^^^^^^
  File "/home/airflow/.local/lib/python3.12/site-packages/airflow/operators/python.py", line 252, in execute_callable
    return self.python_callable(*self.op_args, **self.op_kwargs)
           ^^^^^^^^^^^^^^^^^^^^^^^^^^^^^^^^^^^^^^^^^^^^^^^^^^^^^
  File "/opt/airflow/dags/etl_dimcliente.py", line 16, in load_dimcliente
    person        = pd.read_csv(os.path.join(CSV_PATH, "Person.csv"))
                    ^^^^^^^^^^^^^^^^^^^^^^^^^^^^^^^^^^^^^^^^^^^^^^^^^
  File "/home/airflow/.local/lib/python3.12/site-packages/pandas/io/parsers/readers.py", line 948, in read_csv
    return _read(filepath_or_buffer, kwds)
           ^^^^^^^^^^^^^^^^^^^^^^^^^^^^^^^
  File "/home/airflow/.local/lib/python3.12/site-packages/pandas/io/parsers/readers.py", line 617, in _read
    return parser.read(nrows)
           ^^^^^^^^^^^^^^^^^^
  File "/home/airflow/.local/lib/python3.12/site-packages/pandas/io/parsers/readers.py", line 1748, in read
    ) = self._engine.read(  # type: ignore[attr-defined]
        ^^^^^^^^^^^^^^^^^^^^^^^^^^^^^^^^^^^^^^^^^^^^^^^^
  File "/home/airflow/.local/lib/python3.12/site-packages/pandas/io/parsers/c_parser_wrapper.py", line 234, in read
    chunks = self._reader.read_low_memory(nrows)
             ^^^^^^^^^^^^^^^^^^^^^^^^^^^^^^^^^^^
  File "parsers.pyx", line 843, in pandas._libs.parsers.TextReader.read_low_memory
  File "parsers.pyx", line 904, in pandas._libs.parsers.TextReader._read_rows
  File "parsers.pyx", line 879, in pandas._libs.parsers.TextReader._tokenize_rows
  File "parsers.pyx", line 890, in pandas._libs.parsers.TextReader._check_tokenize_status
  File "parsers.pyx", line 2058, in pandas._libs.parsers.raise_parser_error
pandas.errors.ParserError: Error tokenizing data. C error: Expected 1 fields in line 292, saw 3

[2025-11-26T01:16:54.483+0000] {taskinstance.py:1205} INFO - Marking task as FAILED. dag_id=etl_dimcliente, task_id=load_dimcliente, execution_date=20251126T011644, start_date=20251126T011653, end_date=20251126T011654
[2025-11-26T01:16:54.510+0000] {standard_task_runner.py:110} ERROR - Failed to execute job 20 for task load_dimcliente (Error tokenizing data. C error: Expected 1 fields in line 292, saw 3
; 100)
[2025-11-26T01:16:54.560+0000] {local_task_job_runner.py:240} INFO - Task exited with return code 1
[2025-11-26T01:16:54.593+0000] {taskinstance.py:3482} INFO - 0 downstream tasks scheduled from follow-on schedule check
[2025-11-26T01:16:54.597+0000] {local_task_job_runner.py:222} INFO - ::endgroup::
