[2025-11-26T01:37:04.391+0000] {local_task_job_runner.py:120} INFO - ::group::Pre task execution logs
[2025-11-26T01:37:04.485+0000] {taskinstance.py:2073} INFO - Dependencies all met for dep_context=non-requeueable deps ti=<TaskInstance: etl_dimproduto.load_dimproduto manual__2025-11-26T01:36:48.007166+00:00 [queued]>
[2025-11-26T01:37:04.502+0000] {taskinstance.py:2073} INFO - Dependencies all met for dep_context=requeueable deps ti=<TaskInstance: etl_dimproduto.load_dimproduto manual__2025-11-26T01:36:48.007166+00:00 [queued]>
[2025-11-26T01:37:04.504+0000] {taskinstance.py:2303} INFO - Starting attempt 1 of 1
[2025-11-26T01:37:04.527+0000] {taskinstance.py:2327} INFO - Executing <Task(PythonOperator): load_dimproduto> on 2025-11-26 01:36:48.007166+00:00
[2025-11-26T01:37:04.554+0000] {standard_task_runner.py:90} INFO - Running: ['***', 'tasks', 'run', 'etl_dimproduto', 'load_dimproduto', 'manual__2025-11-26T01:36:48.007166+00:00', '--job-id', '22', '--raw', '--subdir', 'DAGS_FOLDER/etl_dimproduto.py', '--cfg-path', '/tmp/tmpia5nhdav']
[2025-11-26T01:37:04.560+0000] {standard_task_runner.py:91} INFO - Job 22: Subtask load_dimproduto
[2025-11-26T01:37:04.560+0000] {logging_mixin.py:188} WARNING - /home/***/.local/lib/python3.12/site-packages/***/task/task_runner/standard_task_runner.py:61 DeprecationWarning: This process (pid=535) is multi-threaded, use of fork() may lead to deadlocks in the child.
[2025-11-26T01:37:04.562+0000] {standard_task_runner.py:63} INFO - Started process 555 to run task
[2025-11-26T01:37:04.729+0000] {task_command.py:426} INFO - Running <TaskInstance: etl_dimproduto.load_dimproduto manual__2025-11-26T01:36:48.007166+00:00 [running]> on host ed440a75a387
[2025-11-26T01:37:04.955+0000] {taskinstance.py:2644} INFO - Exporting env vars: AIRFLOW_CTX_DAG_OWNER='***' AIRFLOW_CTX_DAG_ID='etl_dimproduto' AIRFLOW_CTX_TASK_ID='load_dimproduto' AIRFLOW_CTX_EXECUTION_DATE='2025-11-26T01:36:48.007166+00:00' AIRFLOW_CTX_TRY_NUMBER='1' AIRFLOW_CTX_DAG_RUN_ID='manual__2025-11-26T01:36:48.007166+00:00'
[2025-11-26T01:37:04.958+0000] {taskinstance.py:430} INFO - ::endgroup::
[2025-11-26T01:37:05.034+0000] {taskinstance.py:441} INFO - ::group::Post task execution logs
[2025-11-26T01:37:05.036+0000] {taskinstance.py:2890} ERROR - Task failed with exception
Traceback (most recent call last):
  File "/home/airflow/.local/lib/python3.12/site-packages/airflow/models/taskinstance.py", line 465, in _execute_task
    result = _execute_callable(context=context, **execute_callable_kwargs)
             ^^^^^^^^^^^^^^^^^^^^^^^^^^^^^^^^^^^^^^^^^^^^^^^^^^^^^^^^^^^^^
  File "/home/airflow/.local/lib/python3.12/site-packages/airflow/models/taskinstance.py", line 432, in _execute_callable
    return execute_callable(context=context, **execute_callable_kwargs)
           ^^^^^^^^^^^^^^^^^^^^^^^^^^^^^^^^^^^^^^^^^^^^^^^^^^^^^^^^^^^^
  File "/home/airflow/.local/lib/python3.12/site-packages/airflow/models/baseoperator.py", line 400, in wrapper
    return func(self, *args, **kwargs)
           ^^^^^^^^^^^^^^^^^^^^^^^^^^^
  File "/home/airflow/.local/lib/python3.12/site-packages/airflow/operators/python.py", line 235, in execute
    return_value = self.execute_callable()
                   ^^^^^^^^^^^^^^^^^^^^^^^
  File "/home/airflow/.local/lib/python3.12/site-packages/airflow/operators/python.py", line 252, in execute_callable
    return self.python_callable(*self.op_args, **self.op_kwargs)
           ^^^^^^^^^^^^^^^^^^^^^^^^^^^^^^^^^^^^^^^^^^^^^^^^^^^^^
  File "/opt/airflow/dags/etl_dimproduto.py", line 11, in load_dimproduto
    product      = pd.read_csv(f"{CSV}/Product.csv")
                   ^^^^^^^^^^^^^^^^^^^^^^^^^^^^^^^^^
  File "/home/airflow/.local/lib/python3.12/site-packages/pandas/io/parsers/readers.py", line 948, in read_csv
    return _read(filepath_or_buffer, kwds)
           ^^^^^^^^^^^^^^^^^^^^^^^^^^^^^^^
  File "/home/airflow/.local/lib/python3.12/site-packages/pandas/io/parsers/readers.py", line 617, in _read
    return parser.read(nrows)
           ^^^^^^^^^^^^^^^^^^
  File "/home/airflow/.local/lib/python3.12/site-packages/pandas/io/parsers/readers.py", line 1748, in read
    ) = self._engine.read(  # type: ignore[attr-defined]
        ^^^^^^^^^^^^^^^^^^^^^^^^^^^^^^^^^^^^^^^^^^^^^^^^
  File "/home/airflow/.local/lib/python3.12/site-packages/pandas/io/parsers/c_parser_wrapper.py", line 234, in read
    chunks = self._reader.read_low_memory(nrows)
             ^^^^^^^^^^^^^^^^^^^^^^^^^^^^^^^^^^^
  File "parsers.pyx", line 843, in pandas._libs.parsers.TextReader.read_low_memory
  File "parsers.pyx", line 904, in pandas._libs.parsers.TextReader._read_rows
  File "parsers.pyx", line 879, in pandas._libs.parsers.TextReader._tokenize_rows
  File "parsers.pyx", line 890, in pandas._libs.parsers.TextReader._check_tokenize_status
  File "parsers.pyx", line 2058, in pandas._libs.parsers.raise_parser_error
pandas.errors.ParserError: Error tokenizing data. C error: Expected 1 fields in line 211, saw 2

[2025-11-26T01:37:05.081+0000] {taskinstance.py:1205} INFO - Marking task as FAILED. dag_id=etl_dimproduto, task_id=load_dimproduto, execution_date=20251126T013648, start_date=20251126T013704, end_date=20251126T013705
[2025-11-26T01:37:05.109+0000] {standard_task_runner.py:110} ERROR - Failed to execute job 22 for task load_dimproduto (Error tokenizing data. C error: Expected 1 fields in line 211, saw 2
; 555)
[2025-11-26T01:37:05.143+0000] {local_task_job_runner.py:240} INFO - Task exited with return code 1
[2025-11-26T01:37:05.179+0000] {taskinstance.py:3482} INFO - 0 downstream tasks scheduled from follow-on schedule check
[2025-11-26T01:37:05.183+0000] {local_task_job_runner.py:222} INFO - ::endgroup::
